This file contains any messages produced by compilers while
running configure, to aid debugging if configure makes a mistake.

It was created by tesseract configure 3.02, which was
generated by GNU Autoconf 2.61.  Invocation command line was

  $ ./configure 

## --------- ##
## Platform. ##
## --------- ##

hostname = Renards-MacBook-Pro.local
uname -m = x86_64
uname -r = 11.2.0
uname -s = Darwin
uname -v = Darwin Kernel Version 11.2.0: Tue Aug  9 20:54:00 PDT 2011; root:xnu-1699.24.8~1/RELEASE_X86_64

/usr/bin/uname -p = i386
/bin/uname -X     = unknown

/bin/arch              = unknown
/usr/bin/arch -k       = unknown
/usr/convex/getsysinfo = unknown
/usr/bin/hostinfo      = Mach kernel version:
	 Darwin Kernel Version 11.2.0: Tue Aug  9 20:54:00 PDT 2011; root:xnu-1699.24.8~1/RELEASE_X86_64
Kernel configured for up to 4 processors.
2 processors are physically available.
4 processors are logically available.
Processor type: i486 (Intel 80486)
Processors active: 0 1 2 3
Primary memory available: 8.00 gigabytes
Default processor set: 130 tasks, 713 threads, 4 processors
Load average: 1.80, Mach factor: 2.38
/bin/machine           = unknown
/usr/bin/oslevel       = unknown
/bin/universe          = unknown

PATH: /usr/bin
PATH: /bin
PATH: /usr/sbin
PATH: /sbin
PATH: /usr/local/bin
PATH: /usr/X11/bin
PATH: //Users/renard/Desktop/devel/android-sdk-mac_x86/platform-tools/


## ----------- ##
## Core tests. ##
## ----------- ##

configure:1883: checking build system type
configure:1901: result: i386-apple-darwin11.2.0
configure:1923: checking host system type
configure:1938: result: i386-apple-darwin11.2.0
configure:2043: checking --enable-graphics argument
configure:2052: result: yes
configure:2063: checking --enable-embedded argument
configure:2072: result: no
configure:2093: checking --enable-visibility argument
configure:2102: result: no
configure:2114: checking --enable-multiple-libraries argument
configure:2123: result: no
configure:2239: checking for cl.exe
configure:2269: result: no
configure:2239: checking for g++
configure:2255: found /usr/bin/g++
configure:2266: result: g++
configure:2297: checking for C++ compiler version
configure:2304: g++ --version >&5
i686-apple-darwin11-llvm-g++-4.2 (GCC) 4.2.1 (Based on Apple Inc. build 5658) (LLVM build 2335.15.00)
Copyright (C) 2007 Free Software Foundation, Inc.
This is free software; see the source for copying conditions.  There is NO
warranty; not even for MERCHANTABILITY or FITNESS FOR A PARTICULAR PURPOSE.

configure:2307: $? = 0
configure:2314: g++ -v >&5
Using built-in specs.
Target: i686-apple-darwin11
Configured with: /private/var/tmp/llvmgcc42/llvmgcc42-2335.15~25/src/configure --disable-checking --enable-werror --prefix=/Developer/usr/llvm-gcc-4.2 --mandir=/share/man --enable-languages=c,objc,c++,obj-c++ --program-prefix=llvm- --program-transform-name=/^[cg][^.-]*$/s/$/-4.2/ --with-slibdir=/usr/lib --build=i686-apple-darwin11 --enable-llvm=/private/var/tmp/llvmgcc42/llvmgcc42-2335.15~25/dst-llvmCore/Developer/usr/local --program-prefix=i686-apple-darwin11- --host=x86_64-apple-darwin11 --target=i686-apple-darwin11 --with-gxx-include-dir=/usr/include/c++/4.2.1
Thread model: posix
gcc version 4.2.1 (Based on Apple Inc. build 5658) (LLVM build 2335.15.00)
configure:2317: $? = 0
configure:2324: g++ -V >&5
llvm-g++-4.2: argument to `-V' is missing
configure:2327: $? = 1
configure:2350: checking for C++ compiler default output file name
configure:2377: g++    conftest.cpp  >&5
configure:2380: $? = 0
configure:2418: result: a.out
configure:2435: checking whether the C++ compiler works
configure:2445: ./a.out
configure:2448: $? = 0
configure:2465: result: yes
configure:2472: checking whether we are cross compiling
configure:2474: result: no
configure:2477: checking for suffix of executables
configure:2484: g++ -o conftest    conftest.cpp  >&5
configure:2487: $? = 0
configure:2511: result: 
configure:2517: checking for suffix of object files
configure:2543: g++ -c   conftest.cpp >&5
configure:2546: $? = 0
configure:2569: result: o
configure:2573: checking whether we are using the GNU C++ compiler
configure:2602: g++ -c   conftest.cpp >&5
configure:2608: $? = 0
configure:2625: result: yes
configure:2630: checking whether g++ accepts -g
configure:2660: g++ -c -g  conftest.cpp >&5
configure:2666: $? = 0
configure:2765: result: yes
configure:2837: checking how to print strings
configure:2864: result: printf
configure:2933: checking for gcc
configure:2949: found /usr/bin/gcc
configure:2960: result: gcc
configure:3198: checking for C compiler version
configure:3205: gcc --version >&5
i686-apple-darwin11-llvm-gcc-4.2 (GCC) 4.2.1 (Based on Apple Inc. build 5658) (LLVM build 2335.15.00)
Copyright (C) 2007 Free Software Foundation, Inc.
This is free software; see the source for copying conditions.  There is NO
warranty; not even for MERCHANTABILITY or FITNESS FOR A PARTICULAR PURPOSE.

configure:3208: $? = 0
configure:3215: gcc -v >&5
Using built-in specs.
Target: i686-apple-darwin11
Configured with: /private/var/tmp/llvmgcc42/llvmgcc42-2335.15~25/src/configure --disable-checking --enable-werror --prefix=/Developer/usr/llvm-gcc-4.2 --mandir=/share/man --enable-languages=c,objc,c++,obj-c++ --program-prefix=llvm- --program-transform-name=/^[cg][^.-]*$/s/$/-4.2/ --with-slibdir=/usr/lib --build=i686-apple-darwin11 --enable-llvm=/private/var/tmp/llvmgcc42/llvmgcc42-2335.15~25/dst-llvmCore/Developer/usr/local --program-prefix=i686-apple-darwin11- --host=x86_64-apple-darwin11 --target=i686-apple-darwin11 --with-gxx-include-dir=/usr/include/c++/4.2.1
Thread model: posix
gcc version 4.2.1 (Based on Apple Inc. build 5658) (LLVM build 2335.15.00)
configure:3218: $? = 0
configure:3225: gcc -V >&5
llvm-gcc-4.2: argument to `-V' is missing
configure:3228: $? = 1
configure:3231: checking whether we are using the GNU C compiler
configure:3260: gcc -c   conftest.c >&5
configure:3266: $? = 0
configure:3283: result: yes
configure:3288: checking whether gcc accepts -g
configure:3318: gcc -c -g  conftest.c >&5
configure:3324: $? = 0
configure:3423: result: yes
configure:3440: checking for gcc option to accept ISO C89
configure:3514: gcc  -c -g -O2  conftest.c >&5
configure:3520: $? = 0
configure:3543: result: none needed
configure:3561: checking for a sed that does not truncate output
configure:3640: result: /usr/bin/sed
configure:3658: checking for grep that handles long lines and -e
configure:3732: result: /usr/bin/grep
configure:3737: checking for egrep
configure:3815: result: /usr/bin/grep -E
configure:3820: checking for fgrep
configure:3898: result: /usr/bin/grep -F
configure:3933: checking for ld used by gcc
configure:4000: result: /usr/llvm-gcc-4.2/libexec/gcc/i686-apple-darwin11/4.2.1/ld
configure:4009: checking if the linker (/usr/llvm-gcc-4.2/libexec/gcc/i686-apple-darwin11/4.2.1/ld) is GNU ld
configure:4024: result: no
configure:4036: checking for BSD- or MS-compatible name lister (nm)
configure:4085: result: /usr/bin/nm
configure:4219: checking the name lister (/usr/bin/nm) interface
configure:4226: gcc -c -g -O2  conftest.c >&5
configure:4229: /usr/bin/nm "conftest.o"
configure:4232: output
00000000000001a8 S _some_variable
configure:4239: result: BSD nm
configure:4242: checking whether ln -s works
configure:4246: result: yes
configure:4254: checking the maximum length of command line arguments
configure:4379: result: 196608
configure:4396: checking whether the shell understands some XSI constructs
configure:4406: result: yes
configure:4410: checking whether the shell understands "+="
configure:4416: result: yes
configure:4451: checking for /usr/llvm-gcc-4.2/libexec/gcc/i686-apple-darwin11/4.2.1/ld option to reload object files
configure:4458: result: -r
configure:4527: checking for objdump
configure:4557: result: no
configure:4590: checking how to recognize dependent libraries
configure:4792: result: pass_all
configure:4852: checking for ar
configure:4868: found /usr/bin/ar
configure:4879: result: ar
configure:4961: checking for strip
configure:4977: found /usr/bin/strip
configure:4988: result: strip
configure:5064: checking for ranlib
configure:5080: found /usr/bin/ranlib
configure:5091: result: ranlib
configure:5172: checking for gawk
configure:5202: result: no
configure:5172: checking for mawk
configure:5202: result: no
configure:5172: checking for nawk
configure:5202: result: no
configure:5172: checking for awk
configure:5188: found /usr/bin/awk
configure:5199: result: awk
configure:5239: checking command to parse /usr/bin/nm output from gcc object
configure:5357: gcc -c -g -O2  conftest.c >&5
configure:5360: $? = 0
configure:5364: /usr/bin/nm conftest.o \| sed -n -e 's/^.*[ ]\([BCDEGRST][BCDEGRST]*\)[ ][ ]*\([_A-Za-z][_A-Za-z0-9]*\)$/\1 \2 \2/p' \> conftest.nm
configure:5367: $? = 0
cannot find nm_test_var in conftest.nm
configure:5357: gcc -c -g -O2  conftest.c >&5
configure:5360: $? = 0
configure:5364: /usr/bin/nm conftest.o \| sed -n -e 's/^.*[ ]\([BCDEGRST][BCDEGRST]*\)[ ][ ]*_\([_A-Za-z][_A-Za-z0-9]*\)$/\1 _\2 \2/p' \> conftest.nm
configure:5367: $? = 0
configure:5421: gcc -o conftest -g -O2   conftest.c conftstm.o >&5
configure:5424: $? = 0
configure:5462: result: ok
configure:5752: checking for dsymutil
configure:5768: found /usr/bin/dsymutil
configure:5779: result: dsymutil
configure:5848: checking for nmedit
configure:5864: found /usr/bin/nmedit
configure:5875: result: nmedit
configure:5944: checking for lipo
configure:5960: found /usr/bin/lipo
configure:5971: result: lipo
configure:6040: checking for otool
configure:6056: found /usr/bin/otool
configure:6067: result: otool
configure:6136: checking for otool64
configure:6166: result: no
configure:6215: checking for -single_module linker flag
gcc -g -O2  -o libconftest.dylib -dynamiclib -Wl,-single_module conftest.c
configure:6242: result: yes
configure:6244: checking for -exported_symbols_list linker flag
configure:6274: gcc -o conftest -g -O2   -Wl,-exported_symbols_list,conftest.sym conftest.c  >&5
configure:6280: $? = 0
configure:6299: result: yes
configure:6301: checking for -force_load linker flag
gcc -g -O2 -c -o conftest.o conftest.c
ar cru libconftest.a conftest.o
ranlib libconftest.a
gcc -g -O2  -o conftest conftest.c -Wl,-force_load,./libconftest.a
configure:6331: result: yes
configure:6373: checking how to run the C preprocessor
configure:6413: gcc -E  conftest.c
configure:6419: $? = 0
configure:6450: gcc -E  conftest.c
conftest.c:12:28: error: ac_nonexistent.h: No such file or directory
configure:6456: $? = 1
configure: failed program was:
| /* confdefs.h.  */
| #define PACKAGE_NAME "tesseract"
| #define PACKAGE_TARNAME "tesseract"
| #define PACKAGE_VERSION "3.02"
| #define PACKAGE_STRING "tesseract 3.02"
| #define PACKAGE_BUGREPORT "http://code.google.com/p/tesseract-ocr/issues/list"
| #define PACKAGE_NAME "tesseract"
| #define PACKAGE_VERSION "3.02"
| #define PACKAGE_YEAR "2012"
| #define PACKAGE_DATE "02/01"
| /* end confdefs.h.  */
| #include <ac_nonexistent.h>
configure:6489: result: gcc -E
configure:6518: gcc -E  conftest.c
configure:6524: $? = 0
configure:6555: gcc -E  conftest.c
conftest.c:12:28: error: ac_nonexistent.h: No such file or directory
configure:6561: $? = 1
configure: failed program was:
| /* confdefs.h.  */
| #define PACKAGE_NAME "tesseract"
| #define PACKAGE_TARNAME "tesseract"
| #define PACKAGE_VERSION "3.02"
| #define PACKAGE_STRING "tesseract 3.02"
| #define PACKAGE_BUGREPORT "http://code.google.com/p/tesseract-ocr/issues/list"
| #define PACKAGE_NAME "tesseract"
| #define PACKAGE_VERSION "3.02"
| #define PACKAGE_YEAR "2012"
| #define PACKAGE_DATE "02/01"
| /* end confdefs.h.  */
| #include <ac_nonexistent.h>
configure:6599: checking for ANSI C header files
configure:6629: gcc -c -g -O2  conftest.c >&5
configure:6635: $? = 0
configure:6734: gcc -o conftest -g -O2   conftest.c  >&5
configure:6737: $? = 0
configure:6743: ./conftest
configure:6746: $? = 0
configure:6763: result: yes
configure:6787: checking for sys/types.h
configure:6808: gcc -c -g -O2  conftest.c >&5
configure:6814: $? = 0
configure:6830: result: yes
configure:6787: checking for sys/stat.h
configure:6808: gcc -c -g -O2  conftest.c >&5
configure:6814: $? = 0
configure:6830: result: yes
configure:6787: checking for stdlib.h
configure:6808: gcc -c -g -O2  conftest.c >&5
configure:6814: $? = 0
configure:6830: result: yes
configure:6787: checking for string.h
configure:6808: gcc -c -g -O2  conftest.c >&5
configure:6814: $? = 0
configure:6830: result: yes
configure:6787: checking for memory.h
configure:6808: gcc -c -g -O2  conftest.c >&5
configure:6814: $? = 0
configure:6830: result: yes
configure:6787: checking for strings.h
configure:6808: gcc -c -g -O2  conftest.c >&5
configure:6814: $? = 0
configure:6830: result: yes
configure:6787: checking for inttypes.h
configure:6808: gcc -c -g -O2  conftest.c >&5
configure:6814: $? = 0
configure:6830: result: yes
configure:6787: checking for stdint.h
configure:6808: gcc -c -g -O2  conftest.c >&5
configure:6814: $? = 0
configure:6830: result: yes
configure:6787: checking for unistd.h
configure:6808: gcc -c -g -O2  conftest.c >&5
configure:6814: $? = 0
configure:6830: result: yes
configure:6846: checking for dlfcn.h
configure:6867: gcc -c -g -O2  conftest.c >&5
configure:6873: $? = 0
configure:6889: result: yes
configure:7077: checking for objdir
configure:7092: result: .libs
configure:7359: checking if gcc supports -fno-rtti -fno-exceptions
configure:7377: gcc -c -g -O2  -fno-rtti -fno-exceptions conftest.c >&5
cc1: warning: command line option "-fno-rtti" is valid for C++/ObjC++ but not for C
configure:7381: $? = 0
configure:7394: result: no
configure:7414: checking for gcc option to produce PIC
configure:7699: result: -fno-common -DPIC
configure:7711: checking if gcc PIC flag -fno-common -DPIC works
configure:7729: gcc -c -g -O2  -fno-common -DPIC -DPIC conftest.c >&5
configure:7733: $? = 0
configure:7746: result: yes
configure:7770: checking if gcc static flag -static works
configure:7798: result: no
configure:7813: checking if gcc supports -c -o file.o
configure:7834: gcc -c -g -O2  -o out/conftest2.o conftest.c >&5
configure:7838: $? = 0
configure:7860: result: yes
configure:7868: checking if gcc supports -c -o file.o
configure:7915: result: yes
configure:7948: checking whether the gcc linker (/usr/llvm-gcc-4.2/libexec/gcc/i686-apple-darwin11/4.2.1/ld) supports shared libraries
configure:9099: result: yes
configure:9344: checking dynamic linker characteristics
configure:10049: result: darwin11.2.0 dyld
configure:10156: checking how to hardcode library paths into programs
configure:10181: result: immediate
configure:11006: checking whether stripping libraries is possible
configure:11020: result: yes
configure:11046: checking if libtool supports shared libraries
configure:11048: result: yes
configure:11051: checking whether to build shared libraries
configure:11072: result: yes
configure:11075: checking whether to build static libraries
configure:11079: result: yes
configure:11102: checking how to run the C++ preprocessor
configure:11138: g++ -E  conftest.cpp
configure:11144: $? = 0
configure:11175: g++ -E  conftest.cpp
conftest.cpp:24:28: error: ac_nonexistent.h: No such file or directory
configure:11181: $? = 1
configure: failed program was:
| /* confdefs.h.  */
| #define PACKAGE_NAME "tesseract"
| #define PACKAGE_TARNAME "tesseract"
| #define PACKAGE_VERSION "3.02"
| #define PACKAGE_STRING "tesseract 3.02"
| #define PACKAGE_BUGREPORT "http://code.google.com/p/tesseract-ocr/issues/list"
| #define PACKAGE_NAME "tesseract"
| #define PACKAGE_VERSION "3.02"
| #define PACKAGE_YEAR "2012"
| #define PACKAGE_DATE "02/01"
| #define STDC_HEADERS 1
| #define HAVE_SYS_TYPES_H 1
| #define HAVE_SYS_STAT_H 1
| #define HAVE_STDLIB_H 1
| #define HAVE_STRING_H 1
| #define HAVE_MEMORY_H 1
| #define HAVE_STRINGS_H 1
| #define HAVE_INTTYPES_H 1
| #define HAVE_STDINT_H 1
| #define HAVE_UNISTD_H 1
| #define HAVE_DLFCN_H 1
| #define LT_OBJDIR ".libs/"
| /* end confdefs.h.  */
| #include <ac_nonexistent.h>
configure:11214: result: g++ -E
configure:11243: g++ -E  conftest.cpp
configure:11249: $? = 0
configure:11280: g++ -E  conftest.cpp
conftest.cpp:24:28: error: ac_nonexistent.h: No such file or directory
configure:11286: $? = 1
configure: failed program was:
| /* confdefs.h.  */
| #define PACKAGE_NAME "tesseract"
| #define PACKAGE_TARNAME "tesseract"
| #define PACKAGE_VERSION "3.02"
| #define PACKAGE_STRING "tesseract 3.02"
| #define PACKAGE_BUGREPORT "http://code.google.com/p/tesseract-ocr/issues/list"
| #define PACKAGE_NAME "tesseract"
| #define PACKAGE_VERSION "3.02"
| #define PACKAGE_YEAR "2012"
| #define PACKAGE_DATE "02/01"
| #define STDC_HEADERS 1
| #define HAVE_SYS_TYPES_H 1
| #define HAVE_SYS_STAT_H 1
| #define HAVE_STDLIB_H 1
| #define HAVE_STRING_H 1
| #define HAVE_MEMORY_H 1
| #define HAVE_STRINGS_H 1
| #define HAVE_INTTYPES_H 1
| #define HAVE_STDINT_H 1
| #define HAVE_UNISTD_H 1
| #define HAVE_DLFCN_H 1
| #define LT_OBJDIR ".libs/"
| /* end confdefs.h.  */
| #include <ac_nonexistent.h>
configure:11463: checking for ld used by g++
configure:11530: result: /usr/llvm-gcc-4.2/libexec/gcc/i686-apple-darwin11/4.2.1/ld
configure:11539: checking if the linker (/usr/llvm-gcc-4.2/libexec/gcc/i686-apple-darwin11/4.2.1/ld) is GNU ld
configure:11554: result: no
configure:11609: checking whether the g++ linker (/usr/llvm-gcc-4.2/libexec/gcc/i686-apple-darwin11/4.2.1/ld) supports shared libraries
configure:12595: result: yes
configure:12623: g++ -c -g -O2  conftest.cpp >&5
configure:12626: $? = 0
configure:12808: checking for g++ option to produce PIC
configure:13130: result: -fno-common -DPIC
configure:13139: checking if g++ PIC flag -fno-common -DPIC works
configure:13157: g++ -c -g -O2  -fno-common -DPIC -DPIC conftest.cpp >&5
configure:13161: $? = 0
configure:13174: result: yes
configure:13195: checking if g++ static flag -static works
configure:13223: result: no
configure:13235: checking if g++ supports -c -o file.o
configure:13256: g++ -c -g -O2  -o out/conftest2.o conftest.cpp >&5
configure:13260: $? = 0
configure:13282: result: yes
configure:13287: checking if g++ supports -c -o file.o
configure:13334: result: yes
configure:13364: checking whether the g++ linker (/usr/llvm-gcc-4.2/libexec/gcc/i686-apple-darwin11/4.2.1/ld) supports shared libraries
configure:13392: result: yes
configure:13535: checking dynamic linker characteristics
configure:14174: result: darwin11.2.0 dyld
configure:14227: checking how to hardcode library paths into programs
configure:14252: result: immediate
configure:14334: checking for a BSD-compatible install
configure:14390: result: /usr/bin/install -c
configure:14401: checking whether build environment is sane
configure:14444: result: yes
configure:14472: checking for a thread-safe mkdir -p
configure:14511: result: config/install-sh -c -d
configure:14520: checking whether make sets $(MAKE)
configure:14541: result: yes
configure:14571: checking for style of include used by make
configure:14599: result: GNU
configure:14792: checking dependency style of gcc
configure:14883: result: gcc3
configure:14900: checking dependency style of g++
configure:14991: result: gcc3
configure:15010: checking whether to enable maintainer-specific portions of Makefiles
configure:15019: result: no
configure:15048: checking whether byte ordering is bigendian
configure:15081: gcc -c -g -O2  conftest.c >&5
configure:15087: $? = 0
configure:15119: gcc -c -g -O2  conftest.c >&5
conftest.c: In function 'main':
conftest.c:33: error: 'not' undeclared (first use in this function)
conftest.c:33: error: (Each undeclared identifier is reported only once
conftest.c:33: error: for each function it appears in.)
conftest.c:33: error: expected ';' before 'big'
configure:15125: $? = 1
configure: failed program was:
| /* confdefs.h.  */
| #define PACKAGE_NAME "tesseract"
| #define PACKAGE_TARNAME "tesseract"
| #define PACKAGE_VERSION "3.02"
| #define PACKAGE_STRING "tesseract 3.02"
| #define PACKAGE_BUGREPORT "http://code.google.com/p/tesseract-ocr/issues/list"
| #define PACKAGE_NAME "tesseract"
| #define PACKAGE_VERSION "3.02"
| #define PACKAGE_YEAR "2012"
| #define PACKAGE_DATE "02/01"
| #define STDC_HEADERS 1
| #define HAVE_SYS_TYPES_H 1
| #define HAVE_SYS_STAT_H 1
| #define HAVE_STDLIB_H 1
| #define HAVE_STRING_H 1
| #define HAVE_MEMORY_H 1
| #define HAVE_STRINGS_H 1
| #define HAVE_INTTYPES_H 1
| #define HAVE_STDINT_H 1
| #define HAVE_UNISTD_H 1
| #define HAVE_DLFCN_H 1
| #define LT_OBJDIR ".libs/"
| #define PACKAGE "tesseract"
| #define VERSION "3.02"
| /* end confdefs.h.  */
| #include <sys/types.h>
| #include <sys/param.h>
| 
| int
| main ()
| {
| #if BYTE_ORDER != BIG_ENDIAN
|  not big endian
| #endif
| 
|   ;
|   return 0;
| }
configure:15265: result: no
configure:15398: checking for sem_init in -lpthread
configure:15433: g++ -o conftest -g -O2   conftest.cpp -lpthread   >&5
configure:15439: $? = 0
configure:15457: result: yes
configure:15474: checking for ANSI C header files
configure:15638: result: yes
configure:15648: checking whether time.h and sys/time.h may both be included
configure:15678: g++ -c -g -O2  conftest.cpp >&5
configure:15684: $? = 0
configure:15699: result: yes
configure:15709: checking for sys/wait.h that is POSIX.1 compatible
configure:15745: g++ -c -g -O2  conftest.cpp >&5
configure:15751: $? = 0
configure:15766: result: yes
configure:15792: checking sys/ipc.h usability
configure:15809: g++ -c -g -O2  conftest.cpp >&5
configure:15815: $? = 0
configure:15829: result: yes
configure:15833: checking sys/ipc.h presence
configure:15848: g++ -E  conftest.cpp
configure:15854: $? = 0
configure:15868: result: yes
configure:15901: checking for sys/ipc.h
configure:15909: result: yes
configure:15792: checking sys/shm.h usability
configure:15809: g++ -c -g -O2  conftest.cpp >&5
configure:15815: $? = 0
configure:15829: result: yes
configure:15833: checking sys/shm.h presence
configure:15848: g++ -E  conftest.cpp
configure:15854: $? = 0
configure:15868: result: yes
configure:15901: checking for sys/shm.h
configure:15909: result: yes
configure:15938: checking limits.h usability
configure:15955: g++ -c -g -O2  conftest.cpp >&5
configure:15961: $? = 0
configure:15975: result: yes
configure:15979: checking limits.h presence
configure:15994: g++ -E  conftest.cpp
configure:16000: $? = 0
configure:16014: result: yes
configure:16047: checking for limits.h
configure:16055: result: yes
configure:15938: checking malloc.h usability
configure:15955: g++ -c -g -O2  conftest.cpp >&5
conftest.cpp:66:20: error: malloc.h: No such file or directory
configure:15961: $? = 1
configure: failed program was:
| /* confdefs.h.  */
| #define PACKAGE_NAME "tesseract"
| #define PACKAGE_TARNAME "tesseract"
| #define PACKAGE_VERSION "3.02"
| #define PACKAGE_STRING "tesseract 3.02"
| #define PACKAGE_BUGREPORT "http://code.google.com/p/tesseract-ocr/issues/list"
| #define PACKAGE_NAME "tesseract"
| #define PACKAGE_VERSION "3.02"
| #define PACKAGE_YEAR "2012"
| #define PACKAGE_DATE "02/01"
| #define STDC_HEADERS 1
| #define HAVE_SYS_TYPES_H 1
| #define HAVE_SYS_STAT_H 1
| #define HAVE_STDLIB_H 1
| #define HAVE_STRING_H 1
| #define HAVE_MEMORY_H 1
| #define HAVE_STRINGS_H 1
| #define HAVE_INTTYPES_H 1
| #define HAVE_STDINT_H 1
| #define HAVE_UNISTD_H 1
| #define HAVE_DLFCN_H 1
| #define LT_OBJDIR ".libs/"
| #define PACKAGE "tesseract"
| #define VERSION "3.02"
| #define HAVE_LIBPTHREAD 1
| #define STDC_HEADERS 1
| #define TIME_WITH_SYS_TIME 1
| #define HAVE_SYS_WAIT_H 1
| #define HAVE_SYS_IPC_H 1
| #define HAVE_SYS_SHM_H 1
| #define HAVE_LIMITS_H 1
| /* end confdefs.h.  */
| #include <stdio.h>
| #ifdef HAVE_SYS_TYPES_H
| # include <sys/types.h>
| #endif
| #ifdef HAVE_SYS_STAT_H
| # include <sys/stat.h>
| #endif
| #ifdef STDC_HEADERS
| # include <stdlib.h>
| # include <stddef.h>
| #else
| # ifdef HAVE_STDLIB_H
| #  include <stdlib.h>
| # endif
| #endif
| #ifdef HAVE_STRING_H
| # if !defined STDC_HEADERS && defined HAVE_MEMORY_H
| #  include <memory.h>
| # endif
| # include <string.h>
| #endif
| #ifdef HAVE_STRINGS_H
| # include <strings.h>
| #endif
| #ifdef HAVE_INTTYPES_H
| # include <inttypes.h>
| #endif
| #ifdef HAVE_STDINT_H
| # include <stdint.h>
| #endif
| #ifdef HAVE_UNISTD_H
| # include <unistd.h>
| #endif
| #include <malloc.h>
configure:15975: result: no
configure:15979: checking malloc.h presence
configure:15994: g++ -E  conftest.cpp
conftest.cpp:33:20: error: malloc.h: No such file or directory
configure:16000: $? = 1
configure: failed program was:
| /* confdefs.h.  */
| #define PACKAGE_NAME "tesseract"
| #define PACKAGE_TARNAME "tesseract"
| #define PACKAGE_VERSION "3.02"
| #define PACKAGE_STRING "tesseract 3.02"
| #define PACKAGE_BUGREPORT "http://code.google.com/p/tesseract-ocr/issues/list"
| #define PACKAGE_NAME "tesseract"
| #define PACKAGE_VERSION "3.02"
| #define PACKAGE_YEAR "2012"
| #define PACKAGE_DATE "02/01"
| #define STDC_HEADERS 1
| #define HAVE_SYS_TYPES_H 1
| #define HAVE_SYS_STAT_H 1
| #define HAVE_STDLIB_H 1
| #define HAVE_STRING_H 1
| #define HAVE_MEMORY_H 1
| #define HAVE_STRINGS_H 1
| #define HAVE_INTTYPES_H 1
| #define HAVE_STDINT_H 1
| #define HAVE_UNISTD_H 1
| #define HAVE_DLFCN_H 1
| #define LT_OBJDIR ".libs/"
| #define PACKAGE "tesseract"
| #define VERSION "3.02"
| #define HAVE_LIBPTHREAD 1
| #define STDC_HEADERS 1
| #define TIME_WITH_SYS_TIME 1
| #define HAVE_SYS_WAIT_H 1
| #define HAVE_SYS_IPC_H 1
| #define HAVE_SYS_SHM_H 1
| #define HAVE_LIMITS_H 1
| /* end confdefs.h.  */
| #include <malloc.h>
configure:16014: result: no
configure:16047: checking for malloc.h
configure:16055: result: no
configure:16083: checking allheaders.h usability
configure:16100: g++ -c -g -O2  conftest.cpp >&5
conftest.cpp:66:24: error: allheaders.h: No such file or directory
configure:16106: $? = 1
configure: failed program was:
| /* confdefs.h.  */
| #define PACKAGE_NAME "tesseract"
| #define PACKAGE_TARNAME "tesseract"
| #define PACKAGE_VERSION "3.02"
| #define PACKAGE_STRING "tesseract 3.02"
| #define PACKAGE_BUGREPORT "http://code.google.com/p/tesseract-ocr/issues/list"
| #define PACKAGE_NAME "tesseract"
| #define PACKAGE_VERSION "3.02"
| #define PACKAGE_YEAR "2012"
| #define PACKAGE_DATE "02/01"
| #define STDC_HEADERS 1
| #define HAVE_SYS_TYPES_H 1
| #define HAVE_SYS_STAT_H 1
| #define HAVE_STDLIB_H 1
| #define HAVE_STRING_H 1
| #define HAVE_MEMORY_H 1
| #define HAVE_STRINGS_H 1
| #define HAVE_INTTYPES_H 1
| #define HAVE_STDINT_H 1
| #define HAVE_UNISTD_H 1
| #define HAVE_DLFCN_H 1
| #define LT_OBJDIR ".libs/"
| #define PACKAGE "tesseract"
| #define VERSION "3.02"
| #define HAVE_LIBPTHREAD 1
| #define STDC_HEADERS 1
| #define TIME_WITH_SYS_TIME 1
| #define HAVE_SYS_WAIT_H 1
| #define HAVE_SYS_IPC_H 1
| #define HAVE_SYS_SHM_H 1
| #define HAVE_LIMITS_H 1
| /* end confdefs.h.  */
| #include <stdio.h>
| #ifdef HAVE_SYS_TYPES_H
| # include <sys/types.h>
| #endif
| #ifdef HAVE_SYS_STAT_H
| # include <sys/stat.h>
| #endif
| #ifdef STDC_HEADERS
| # include <stdlib.h>
| # include <stddef.h>
| #else
| # ifdef HAVE_STDLIB_H
| #  include <stdlib.h>
| # endif
| #endif
| #ifdef HAVE_STRING_H
| # if !defined STDC_HEADERS && defined HAVE_MEMORY_H
| #  include <memory.h>
| # endif
| # include <string.h>
| #endif
| #ifdef HAVE_STRINGS_H
| # include <strings.h>
| #endif
| #ifdef HAVE_INTTYPES_H
| # include <inttypes.h>
| #endif
| #ifdef HAVE_STDINT_H
| # include <stdint.h>
| #endif
| #ifdef HAVE_UNISTD_H
| # include <unistd.h>
| #endif
| #include <allheaders.h>
configure:16120: result: no
configure:16124: checking allheaders.h presence
configure:16139: g++ -E  conftest.cpp
conftest.cpp:33:24: error: allheaders.h: No such file or directory
configure:16145: $? = 1
configure: failed program was:
| /* confdefs.h.  */
| #define PACKAGE_NAME "tesseract"
| #define PACKAGE_TARNAME "tesseract"
| #define PACKAGE_VERSION "3.02"
| #define PACKAGE_STRING "tesseract 3.02"
| #define PACKAGE_BUGREPORT "http://code.google.com/p/tesseract-ocr/issues/list"
| #define PACKAGE_NAME "tesseract"
| #define PACKAGE_VERSION "3.02"
| #define PACKAGE_YEAR "2012"
| #define PACKAGE_DATE "02/01"
| #define STDC_HEADERS 1
| #define HAVE_SYS_TYPES_H 1
| #define HAVE_SYS_STAT_H 1
| #define HAVE_STDLIB_H 1
| #define HAVE_STRING_H 1
| #define HAVE_MEMORY_H 1
| #define HAVE_STRINGS_H 1
| #define HAVE_INTTYPES_H 1
| #define HAVE_STDINT_H 1
| #define HAVE_UNISTD_H 1
| #define HAVE_DLFCN_H 1
| #define LT_OBJDIR ".libs/"
| #define PACKAGE "tesseract"
| #define VERSION "3.02"
| #define HAVE_LIBPTHREAD 1
| #define STDC_HEADERS 1
| #define TIME_WITH_SYS_TIME 1
| #define HAVE_SYS_WAIT_H 1
| #define HAVE_SYS_IPC_H 1
| #define HAVE_SYS_SHM_H 1
| #define HAVE_LIMITS_H 1
| /* end confdefs.h.  */
| #include <allheaders.h>
configure:16159: result: no
configure:16192: checking for allheaders.h
configure:16200: result: no
configure:16214: checking for stdbool.h that conforms to C99
configure:16307: g++ -c -g -O2  conftest.cpp >&5
configure:16313: $? = 0
configure:16328: result: yes
configure:16330: checking for _Bool
configure:16360: g++ -c -g -O2  conftest.cpp >&5
conftest.cpp:66: error: '_Bool' does not name a type
conftest.cpp: In function 'int main()':
conftest.cpp:70: error: 'ac__type_new_' was not declared in this scope
conftest.cpp:70: error: expected primary-expression before ')' token
conftest.cpp:70: error: expected `)' before numeric constant
conftest.cpp:72: error: 'ac__type_new_' was not declared in this scope
configure:16366: $? = 1
configure: failed program was:
| /* confdefs.h.  */
| #define PACKAGE_NAME "tesseract"
| #define PACKAGE_TARNAME "tesseract"
| #define PACKAGE_VERSION "3.02"
| #define PACKAGE_STRING "tesseract 3.02"
| #define PACKAGE_BUGREPORT "http://code.google.com/p/tesseract-ocr/issues/list"
| #define PACKAGE_NAME "tesseract"
| #define PACKAGE_VERSION "3.02"
| #define PACKAGE_YEAR "2012"
| #define PACKAGE_DATE "02/01"
| #define STDC_HEADERS 1
| #define HAVE_SYS_TYPES_H 1
| #define HAVE_SYS_STAT_H 1
| #define HAVE_STDLIB_H 1
| #define HAVE_STRING_H 1
| #define HAVE_MEMORY_H 1
| #define HAVE_STRINGS_H 1
| #define HAVE_INTTYPES_H 1
| #define HAVE_STDINT_H 1
| #define HAVE_UNISTD_H 1
| #define HAVE_DLFCN_H 1
| #define LT_OBJDIR ".libs/"
| #define PACKAGE "tesseract"
| #define VERSION "3.02"
| #define HAVE_LIBPTHREAD 1
| #define STDC_HEADERS 1
| #define TIME_WITH_SYS_TIME 1
| #define HAVE_SYS_WAIT_H 1
| #define HAVE_SYS_IPC_H 1
| #define HAVE_SYS_SHM_H 1
| #define HAVE_LIMITS_H 1
| /* end confdefs.h.  */
| #include <stdio.h>
| #ifdef HAVE_SYS_TYPES_H
| # include <sys/types.h>
| #endif
| #ifdef HAVE_SYS_STAT_H
| # include <sys/stat.h>
| #endif
| #ifdef STDC_HEADERS
| # include <stdlib.h>
| # include <stddef.h>
| #else
| # ifdef HAVE_STDLIB_H
| #  include <stdlib.h>
| # endif
| #endif
| #ifdef HAVE_STRING_H
| # if !defined STDC_HEADERS && defined HAVE_MEMORY_H
| #  include <memory.h>
| # endif
| # include <string.h>
| #endif
| #ifdef HAVE_STRINGS_H
| # include <strings.h>
| #endif
| #ifdef HAVE_INTTYPES_H
| # include <inttypes.h>
| #endif
| #ifdef HAVE_STDINT_H
| # include <stdint.h>
| #endif
| #ifdef HAVE_UNISTD_H
| # include <unistd.h>
| #endif
| typedef _Bool ac__type_new_;
| int
| main ()
| {
| if ((ac__type_new_ *) 0)
|   return 0;
| if (sizeof (ac__type_new_))
|   return 0;
|   ;
|   return 0;
| }
configure:16381: result: no
configure:16402: checking whether #! works in shell scripts
configure:16419: result: yes
configure:16430: checking for special C compiler options needed for large files
configure:16523: result: no
configure:16529: checking for _FILE_OFFSET_BITS value needed for large files
configure:16564: g++ -c -g -O2  conftest.cpp >&5
configure:16570: $? = 0
configure:16638: result: no
configure:16779: checking for wchar_t
configure:16809: g++ -c -g -O2  conftest.cpp >&5
configure:16815: $? = 0
configure:16830: result: yes
configure:16841: checking for long long int
configure:16871: g++ -c -g -O2  conftest.cpp >&5
configure:16877: $? = 0
configure:16892: result: yes
configure:16903: checking for mbstate_t
configure:16934: g++ -c -g -O2  conftest.cpp >&5
configure:16940: $? = 0
configure:16955: result: yes
configure:16969: checking for size_t
configure:16999: g++ -c -g -O2  conftest.cpp >&5
configure:17005: $? = 0
configure:17020: result: yes
configure:17045: checking for stdlib.h
configure:17051: result: yes
configure:17045: checking for unistd.h
configure:17051: result: yes
configure:17189: checking for getpagesize
configure:17245: g++ -o conftest -g -O2   conftest.cpp -lpthread  >&5
configure:17251: $? = 0
configure:17269: result: yes
configure:17279: checking for working mmap
configure:17426: g++ -o conftest -g -O2   conftest.cpp -lpthread  >&5
configure:17429: $? = 0
configure:17435: ./conftest
configure:17438: $? = 0
configure:17454: result: yes
configure:17465: checking for pid_t
configure:17495: g++ -c -g -O2  conftest.cpp >&5
configure:17501: $? = 0
configure:17516: result: yes
configure:17543: checking vfork.h usability
configure:17560: g++ -c -g -O2  conftest.cpp >&5
conftest.cpp:74:19: error: vfork.h: No such file or directory
configure:17566: $? = 1
configure: failed program was:
| /* confdefs.h.  */
| #define PACKAGE_NAME "tesseract"
| #define PACKAGE_TARNAME "tesseract"
| #define PACKAGE_VERSION "3.02"
| #define PACKAGE_STRING "tesseract 3.02"
| #define PACKAGE_BUGREPORT "http://code.google.com/p/tesseract-ocr/issues/list"
| #define PACKAGE_NAME "tesseract"
| #define PACKAGE_VERSION "3.02"
| #define PACKAGE_YEAR "2012"
| #define PACKAGE_DATE "02/01"
| #define STDC_HEADERS 1
| #define HAVE_SYS_TYPES_H 1
| #define HAVE_SYS_STAT_H 1
| #define HAVE_STDLIB_H 1
| #define HAVE_STRING_H 1
| #define HAVE_MEMORY_H 1
| #define HAVE_STRINGS_H 1
| #define HAVE_INTTYPES_H 1
| #define HAVE_STDINT_H 1
| #define HAVE_UNISTD_H 1
| #define HAVE_DLFCN_H 1
| #define LT_OBJDIR ".libs/"
| #define PACKAGE "tesseract"
| #define VERSION "3.02"
| #define HAVE_LIBPTHREAD 1
| #define STDC_HEADERS 1
| #define TIME_WITH_SYS_TIME 1
| #define HAVE_SYS_WAIT_H 1
| #define HAVE_SYS_IPC_H 1
| #define HAVE_SYS_SHM_H 1
| #define HAVE_LIMITS_H 1
| #define HAVE_STDBOOL_H 1
| #define HAVE_WCHAR_T 1
| #define HAVE_LONG_LONG_INT 1
| #define HAVE_MBSTATE_T 1
| #define HAVE_STDLIB_H 1
| #define HAVE_UNISTD_H 1
| #define HAVE_GETPAGESIZE 1
| #define HAVE_MMAP 1
| /* end confdefs.h.  */
| #include <stdio.h>
| #ifdef HAVE_SYS_TYPES_H
| # include <sys/types.h>
| #endif
| #ifdef HAVE_SYS_STAT_H
| # include <sys/stat.h>
| #endif
| #ifdef STDC_HEADERS
| # include <stdlib.h>
| # include <stddef.h>
| #else
| # ifdef HAVE_STDLIB_H
| #  include <stdlib.h>
| # endif
| #endif
| #ifdef HAVE_STRING_H
| # if !defined STDC_HEADERS && defined HAVE_MEMORY_H
| #  include <memory.h>
| # endif
| # include <string.h>
| #endif
| #ifdef HAVE_STRINGS_H
| # include <strings.h>
| #endif
| #ifdef HAVE_INTTYPES_H
| # include <inttypes.h>
| #endif
| #ifdef HAVE_STDINT_H
| # include <stdint.h>
| #endif
| #ifdef HAVE_UNISTD_H
| # include <unistd.h>
| #endif
| #include <vfork.h>
configure:17580: result: no
configure:17584: checking vfork.h presence
configure:17599: g++ -E  conftest.cpp
conftest.cpp:41:19: error: vfork.h: No such file or directory
configure:17605: $? = 1
configure: failed program was:
| /* confdefs.h.  */
| #define PACKAGE_NAME "tesseract"
| #define PACKAGE_TARNAME "tesseract"
| #define PACKAGE_VERSION "3.02"
| #define PACKAGE_STRING "tesseract 3.02"
| #define PACKAGE_BUGREPORT "http://code.google.com/p/tesseract-ocr/issues/list"
| #define PACKAGE_NAME "tesseract"
| #define PACKAGE_VERSION "3.02"
| #define PACKAGE_YEAR "2012"
| #define PACKAGE_DATE "02/01"
| #define STDC_HEADERS 1
| #define HAVE_SYS_TYPES_H 1
| #define HAVE_SYS_STAT_H 1
| #define HAVE_STDLIB_H 1
| #define HAVE_STRING_H 1
| #define HAVE_MEMORY_H 1
| #define HAVE_STRINGS_H 1
| #define HAVE_INTTYPES_H 1
| #define HAVE_STDINT_H 1
| #define HAVE_UNISTD_H 1
| #define HAVE_DLFCN_H 1
| #define LT_OBJDIR ".libs/"
| #define PACKAGE "tesseract"
| #define VERSION "3.02"
| #define HAVE_LIBPTHREAD 1
| #define STDC_HEADERS 1
| #define TIME_WITH_SYS_TIME 1
| #define HAVE_SYS_WAIT_H 1
| #define HAVE_SYS_IPC_H 1
| #define HAVE_SYS_SHM_H 1
| #define HAVE_LIMITS_H 1
| #define HAVE_STDBOOL_H 1
| #define HAVE_WCHAR_T 1
| #define HAVE_LONG_LONG_INT 1
| #define HAVE_MBSTATE_T 1
| #define HAVE_STDLIB_H 1
| #define HAVE_UNISTD_H 1
| #define HAVE_GETPAGESIZE 1
| #define HAVE_MMAP 1
| /* end confdefs.h.  */
| #include <vfork.h>
configure:17619: result: no
configure:17652: checking for vfork.h
configure:17660: result: no
configure:17678: checking for fork
configure:17734: g++ -o conftest -g -O2   conftest.cpp -lpthread  >&5
configure:17740: $? = 0
configure:17758: result: yes
configure:17678: checking for vfork
configure:17734: g++ -o conftest -g -O2   conftest.cpp -lpthread  >&5
configure:17740: $? = 0
configure:17758: result: yes
configure:17769: checking for working fork
configure:17801: g++ -o conftest -g -O2   conftest.cpp -lpthread  >&5
configure:17804: $? = 0
configure:17810: ./conftest
configure:17813: $? = 0
configure:17829: result: yes
configure:17850: checking for working vfork
configure:17988: result: yes
configure:18024: checking for strerror
configure:18080: g++ -o conftest -g -O2   conftest.cpp -lpthread  >&5
configure:18086: $? = 0
configure:18104: result: yes
configure:18024: checking for vsnprintf
configure:18080: g++ -o conftest -g -O2   conftest.cpp -lpthread  >&5
configure:18086: $? = 0
configure:18104: result: yes
configure:18118: checking for gethostname
configure:18174: g++ -o conftest -g -O2   conftest.cpp -lpthread  >&5
configure:18180: $? = 0
configure:18198: result: yes
configure:18213: checking for strchr
configure:18269: g++ -o conftest -g -O2   conftest.cpp -lpthread  >&5
configure:18275: $? = 0
configure:18293: result: yes
configure:18213: checking for memcpy
configure:18269: g++ -o conftest -g -O2   conftest.cpp -lpthread  >&5
configure:18275: $? = 0
configure:18293: result: yes
configure:18308: checking for acos
configure:18364: g++ -o conftest -g -O2   conftest.cpp -lpthread  >&5
configure:18370: $? = 0
configure:18388: result: yes
configure:18308: checking for asin
configure:18364: g++ -o conftest -g -O2   conftest.cpp -lpthread  >&5
configure:18370: $? = 0
configure:18388: result: yes
configure:18404: checking for leptonica
configure:18423: result: yes
configure:18426: checking for pixCreate in -llept
configure:18461: g++ -o conftest -g -O2  -I/usr/local/include/leptonica  conftest.cpp -llept  -lpthread  >&5
configure:18467: $? = 0
configure:18485: result: yes
configure:18735: creating ./config.status

## ---------------------- ##
## Running config.status. ##
## ---------------------- ##

This file was extended by tesseract config.status 3.02, which was
generated by GNU Autoconf 2.61.  Invocation command line was

  CONFIG_FILES    = 
  CONFIG_HEADERS  = 
  CONFIG_LINKS    = 
  CONFIG_COMMANDS = 
  $ ./config.status 

on Renards-MacBook-Pro.local

config.status:959: creating Makefile
config.status:959: creating api/Makefile
config.status:959: creating ccmain/Makefile
config.status:959: creating ccstruct/Makefile
config.status:959: creating ccutil/Makefile
config.status:959: creating classify/Makefile
config.status:959: creating cube/Makefile
config.status:959: creating cutil/Makefile
config.status:959: creating dict/Makefile
config.status:959: creating image/Makefile
config.status:959: creating neural_networks/runtime/Makefile
config.status:959: creating textord/Makefile
config.status:959: creating viewer/Makefile
config.status:959: creating wordrec/Makefile
config.status:959: creating training/Makefile
config.status:959: creating tessdata/Makefile
config.status:959: creating tessdata/configs/Makefile
config.status:959: creating tessdata/tessconfigs/Makefile
config.status:959: creating testing/Makefile
config.status:959: creating java/Makefile
config.status:959: creating java/com/Makefile
config.status:959: creating java/com/google/Makefile
config.status:959: creating java/com/google/scrollview/Makefile
config.status:959: creating java/com/google/scrollview/events/Makefile
config.status:959: creating java/com/google/scrollview/ui/Makefile
config.status:959: creating doc/Makefile
config.status:959: creating config_auto.h
config.status:1272: executing libtool commands
config.status:1272: executing depfiles commands

## ---------------- ##
## Cache variables. ##
## ---------------- ##

ac_cv_build=i386-apple-darwin11.2.0
ac_cv_c_bigendian=no
ac_cv_c_compiler_gnu=yes
ac_cv_cxx_compiler_gnu=yes
ac_cv_env_CCC_set=
ac_cv_env_CCC_value=
ac_cv_env_CC_set=
ac_cv_env_CC_value=
ac_cv_env_CFLAGS_set=
ac_cv_env_CFLAGS_value=
ac_cv_env_CPPFLAGS_set=
ac_cv_env_CPPFLAGS_value=
ac_cv_env_CPP_set=
ac_cv_env_CPP_value=
ac_cv_env_CXXCPP_set=
ac_cv_env_CXXCPP_value=
ac_cv_env_CXXFLAGS_set=
ac_cv_env_CXXFLAGS_value=
ac_cv_env_CXX_set=
ac_cv_env_CXX_value=
ac_cv_env_LDFLAGS_set=
ac_cv_env_LDFLAGS_value=
ac_cv_env_LIBLEPT_HEADERSDIR_set=
ac_cv_env_LIBLEPT_HEADERSDIR_value=
ac_cv_env_LIBS_set=
ac_cv_env_LIBS_value=
ac_cv_env_build_alias_set=
ac_cv_env_build_alias_value=
ac_cv_env_host_alias_set=
ac_cv_env_host_alias_value=
ac_cv_env_target_alias_set=
ac_cv_env_target_alias_value=
ac_cv_func_acos=yes
ac_cv_func_asin=yes
ac_cv_func_fork=yes
ac_cv_func_fork_works=yes
ac_cv_func_gethostname=yes
ac_cv_func_getpagesize=yes
ac_cv_func_memcpy=yes
ac_cv_func_mmap_fixed_mapped=yes
ac_cv_func_strchr=yes
ac_cv_func_strerror=yes
ac_cv_func_vfork=yes
ac_cv_func_vfork_works=yes
ac_cv_func_vsnprintf=yes
ac_cv_header_allheaders_h=no
ac_cv_header_dlfcn_h=yes
ac_cv_header_inttypes_h=yes
ac_cv_header_limits_h=yes
ac_cv_header_malloc_h=no
ac_cv_header_memory_h=yes
ac_cv_header_stdbool_h=yes
ac_cv_header_stdc=yes
ac_cv_header_stdint_h=yes
ac_cv_header_stdlib_h=yes
ac_cv_header_string_h=yes
ac_cv_header_strings_h=yes
ac_cv_header_sys_ipc_h=yes
ac_cv_header_sys_shm_h=yes
ac_cv_header_sys_stat_h=yes
ac_cv_header_sys_types_h=yes
ac_cv_header_sys_wait_h=yes
ac_cv_header_time=yes
ac_cv_header_unistd_h=yes
ac_cv_header_vfork_h=no
ac_cv_host=i386-apple-darwin11.2.0
ac_cv_lib_lept_pixCreate=yes
ac_cv_lib_pthread_sem_init=yes
ac_cv_objext=o
ac_cv_path_EGREP='/usr/bin/grep -E'
ac_cv_path_FGREP='/usr/bin/grep -F'
ac_cv_path_GREP=/usr/bin/grep
ac_cv_path_SED=/usr/bin/sed
ac_cv_path_install='/usr/bin/install -c'
ac_cv_prog_AWK=awk
ac_cv_prog_CPP='gcc -E'
ac_cv_prog_CXXCPP='g++ -E'
ac_cv_prog_ac_ct_AR=ar
ac_cv_prog_ac_ct_CC=gcc
ac_cv_prog_ac_ct_CXX=g++
ac_cv_prog_ac_ct_DSYMUTIL=dsymutil
ac_cv_prog_ac_ct_LIPO=lipo
ac_cv_prog_ac_ct_NMEDIT=nmedit
ac_cv_prog_ac_ct_OTOOL=otool
ac_cv_prog_ac_ct_RANLIB=ranlib
ac_cv_prog_ac_ct_STRIP=strip
ac_cv_prog_cc_c89=
ac_cv_prog_cc_g=yes
ac_cv_prog_cxx_g=yes
ac_cv_prog_make_make_set=yes
ac_cv_sys_file_offset_bits=no
ac_cv_sys_interpreter=yes
ac_cv_sys_largefile_CC=no
ac_cv_type__Bool=no
ac_cv_type_long_long_int=yes
ac_cv_type_mbstate_t=yes
ac_cv_type_pid_t=yes
ac_cv_type_size_t=yes
ac_cv_type_wchar_t=yes
am_cv_CC_dependencies_compiler_type=gcc3
am_cv_CXX_dependencies_compiler_type=gcc3
lt_cv_apple_cc_single_mod=yes
lt_cv_deplibs_check_method=pass_all
lt_cv_file_magic_cmd='$MAGIC_CMD'
lt_cv_file_magic_test_file=
lt_cv_ld_exported_symbols_list=yes
lt_cv_ld_force_load=yes
lt_cv_ld_reload_flag=-r
lt_cv_nm_interface='BSD nm'
lt_cv_objdir=.libs
lt_cv_path_LD=/usr/llvm-gcc-4.2/libexec/gcc/i686-apple-darwin11/4.2.1/ld
lt_cv_path_LDCXX=/usr/llvm-gcc-4.2/libexec/gcc/i686-apple-darwin11/4.2.1/ld
lt_cv_path_NM=/usr/bin/nm
lt_cv_prog_compiler_c_o=yes
lt_cv_prog_compiler_c_o_CXX=yes
lt_cv_prog_compiler_pic_works=yes
lt_cv_prog_compiler_pic_works_CXX=yes
lt_cv_prog_compiler_rtti_exceptions=no
lt_cv_prog_compiler_static_works=no
lt_cv_prog_compiler_static_works_CXX=no
lt_cv_prog_gnu_ld=no
lt_cv_prog_gnu_ldcxx=no
lt_cv_sys_global_symbol_pipe='sed -n -e '\''s/^.*[	 ]\([BCDEGRST][BCDEGRST]*\)[	 ][	 ]*_\([_A-Za-z][_A-Za-z0-9]*\)$/\1 _\2 \2/p'\'''
lt_cv_sys_global_symbol_to_c_name_address='sed -n -e '\''s/^: \([^ ]*\) $/  {\"\1\", (void *) 0},/p'\'' -e '\''s/^[BCDEGRST]* \([^ ]*\) \([^ ]*\)$/  {"\2", (void *) \&\2},/p'\'''
lt_cv_sys_global_symbol_to_c_name_address_lib_prefix='sed -n -e '\''s/^: \([^ ]*\) $/  {\"\1\", (void *) 0},/p'\'' -e '\''s/^[BCDEGRST]* \([^ ]*\) \(lib[^ ]*\)$/  {"\2", (void *) \&\2},/p'\'' -e '\''s/^[BCDEGRST]* \([^ ]*\) \([^ ]*\)$/  {"lib\2", (void *) \&\2},/p'\'''
lt_cv_sys_global_symbol_to_cdecl='sed -n -e '\''s/^T .* \(.*\)$/extern int \1();/p'\'' -e '\''s/^[BCDEGRST]* .* \(.*\)$/extern char \1;/p'\'''
lt_cv_sys_max_cmd_len=196608

## ----------------- ##
## Output variables. ##
## ----------------- ##

ACLOCAL='${SHELL} /Users/renard/Desktop/devel/tesseract-ocr-3.02/config/missing --run aclocal-1.10'
AMDEPBACKSLASH='\'
AMDEP_FALSE='#'
AMDEP_TRUE=''
AMTAR='${SHELL} /Users/renard/Desktop/devel/tesseract-ocr-3.02/config/missing --run tar'
AM_CPPFLAGS=''
AM_CXXFLAGS=''
AR='ar'
AUTOCONF='${SHELL} /Users/renard/Desktop/devel/tesseract-ocr-3.02/config/missing --run autoconf'
AUTOHEADER='${SHELL} /Users/renard/Desktop/devel/tesseract-ocr-3.02/config/missing --run autoheader'
AUTOMAKE='${SHELL} /Users/renard/Desktop/devel/tesseract-ocr-3.02/config/missing --run automake-1.10'
AWK='awk'
CC='gcc'
CCDEPMODE='depmode=gcc3'
CFLAGS='-g -O2'
CPP='gcc -E'
CPPFLAGS=' -I/usr/local/include/leptonica'
CXX='g++'
CXXCPP='g++ -E'
CXXDEPMODE='depmode=gcc3'
CXXFLAGS='-g -O2'
CYGPATH_W='echo'
DEFS='-DHAVE_CONFIG_H'
DEPDIR='.deps'
DSYMUTIL='dsymutil'
DUMPBIN=''
ECHO_C='ECHO_N=''
ECHO_T=''
EGREP='/usr/bin/grep -E'
EMBEDDED_FALSE=''
EMBEDDED_TRUE='#'
EXEEXT=''
FGREP='/usr/bin/grep -F'
GENERIC_API_VERSION='3.2'
GENERIC_LIBRARY_NAME='tesseract'
GENERIC_LIBRARY_VERSION='3:2'
GENERIC_MAJOR_VERSION='3'
GENERIC_RELEASE='3.2'
GENERIC_VERSION='3.2.0'
GREP='/usr/bin/grep'
INSTALL_DATA='${INSTALL} -m 644'
INSTALL_PROGRAM='${INSTALL}'
INSTALL_SCRIPT='${INSTALL}'
INSTALL_STRIP_PROGRAM='$(install_sh) -c -s'
LD='/usr/llvm-gcc-4.2/libexec/gcc/i686-apple-darwin11/4.2.1/ld'
LDFLAGS=''
LIBLEPT_HEADERSDIR='/usr/local/include /usr/include'
LIBOBJS=''
LIBS='-llept -lpthread '
LIBTOOL='$(SHELL) $(top_builddir)/libtool'
LIPO='lipo'
LN_S='ln -s'
LTLIBOBJS=''
MAINT='#'
MAINTAINER_MODE_FALSE=''
MAINTAINER_MODE_TRUE='#'
MAKEINFO='${SHELL} /Users/renard/Desktop/devel/tesseract-ocr-3.02/config/missing --run makeinfo'
NM='/usr/bin/nm'
NMEDIT='nmedit'
OBJDUMP='false'
OBJEXT='o'
OTOOL64=':'
OTOOL='otool'
PACKAGE='tesseract'
PACKAGE_BUGREPORT='http://code.google.com/p/tesseract-ocr/issues/list'
PACKAGE_DATE='02/01'
PACKAGE_NAME='tesseract'
PACKAGE_STRING='tesseract 3.02'
PACKAGE_TARNAME='tesseract'
PACKAGE_VERSION='3.02'
PACKAGE_YEAR='2012'
PATH_SEPARATOR=':'
RANLIB='ranlib'
SED='/usr/bin/sed'
SET_MAKE=''
SHELL='/bin/sh'
STRIP='strip'
USING_CL_FALSE=''
USING_CL_TRUE='#'
USING_MULTIPLELIBS_FALSE=''
USING_MULTIPLELIBS_TRUE='#'
VERSION='3.02'
VISIBILITY_FALSE=''
VISIBILITY_TRUE='#'
ac_ct_CC='gcc'
ac_ct_CXX='g++'
ac_ct_DUMPBIN=''
am__fastdepCC_FALSE='#'
am__fastdepCC_TRUE=''
am__fastdepCXX_FALSE='#'
am__fastdepCXX_TRUE=''
am__include='include'
am__isrc=''
am__leading_dot='.'
am__quote=''
am__tar='${AMTAR} chof - "$$tardir"'
am__untar='${AMTAR} xf -'
bindir='${exec_prefix}/bin'
build='i386-apple-darwin11.2.0'
build_alias=''
build_cpu='i386'
build_os='darwin11.2.0'
build_vendor='apple'
datadir='${datarootdir}'
datarootdir='${prefix}/share'
docdir='${datarootdir}/doc/${PACKAGE_TARNAME}'
dvidir='${docdir}'
exec_prefix='${prefix}'
host='i386-apple-darwin11.2.0'
host_alias=''
host_cpu='i386'
host_os='darwin11.2.0'
host_vendor='apple'
htmldir='${docdir}'
includedir='${prefix}/include/tesseract'
infodir='${datarootdir}/info'
install_sh='$(SHELL) /Users/renard/Desktop/devel/tesseract-ocr-3.02/config/install-sh'
libdir='${exec_prefix}/lib'
libexecdir='${exec_prefix}/libexec'
localedir='${datarootdir}/locale'
localstatedir='${prefix}/var'
mandir='${datarootdir}/man'
mkdir_p='$(top_builddir)/config/install-sh -c -d'
oldincludedir='/usr/include'
pdfdir='${docdir}'
prefix='/usr/local'
program_transform_name='s,x,x,'
psdir='${docdir}'
sbindir='${exec_prefix}/sbin'
sharedstatedir='${prefix}/com'
sysconfdir='${prefix}/etc'
target_alias=''

## ----------- ##
## confdefs.h. ##
## ----------- ##

#define PACKAGE_NAME "tesseract"
#define PACKAGE_TARNAME "tesseract"
#define PACKAGE_VERSION "3.02"
#define PACKAGE_STRING "tesseract 3.02"
#define PACKAGE_BUGREPORT "http://code.google.com/p/tesseract-ocr/issues/list"
#define PACKAGE_NAME "tesseract"
#define PACKAGE_VERSION "3.02"
#define PACKAGE_YEAR "2012"
#define PACKAGE_DATE "02/01"
#define STDC_HEADERS 1
#define HAVE_SYS_TYPES_H 1
#define HAVE_SYS_STAT_H 1
#define HAVE_STDLIB_H 1
#define HAVE_STRING_H 1
#define HAVE_MEMORY_H 1
#define HAVE_STRINGS_H 1
#define HAVE_INTTYPES_H 1
#define HAVE_STDINT_H 1
#define HAVE_UNISTD_H 1
#define HAVE_DLFCN_H 1
#define LT_OBJDIR ".libs/"
#define PACKAGE "tesseract"
#define VERSION "3.02"
#define HAVE_LIBPTHREAD 1
#define STDC_HEADERS 1
#define TIME_WITH_SYS_TIME 1
#define HAVE_SYS_WAIT_H 1
#define HAVE_SYS_IPC_H 1
#define HAVE_SYS_SHM_H 1
#define HAVE_LIMITS_H 1
#define HAVE_STDBOOL_H 1
#define HAVE_WCHAR_T 1
#define HAVE_LONG_LONG_INT 1
#define HAVE_MBSTATE_T 1
#define HAVE_STDLIB_H 1
#define HAVE_UNISTD_H 1
#define HAVE_GETPAGESIZE 1
#define HAVE_MMAP 1
#define HAVE_FORK 1
#define HAVE_VFORK 1
#define HAVE_WORKING_VFORK 1
#define HAVE_WORKING_FORK 1
#define HAVE_STRERROR 1
#define HAVE_VSNPRINTF 1
#define HAVE_GETHOSTNAME 1
#define HAVE_STRCHR 1
#define HAVE_MEMCPY 1
#define HAVE_ACOS 1
#define HAVE_ASIN 1
#define HAVE_LIBLEPT 1

configure: exit 0
