This file contains any messages produced by compilers while
running configure, to aid debugging if configure makes a mistake.

It was created by tesseract configure 3.02.02, which was
generated by GNU Autoconf 2.68.  Invocation command line was

  $ ./configure 

## --------- ##
## Platform. ##
## --------- ##

hostname = noname
uname -m = x86_64
uname -r = 11.4.2
uname -s = Darwin
uname -v = Darwin Kernel Version 11.4.2: Thu Aug 23 16:25:48 PDT 2012; root:xnu-1699.32.7~1/RELEASE_X86_64

/usr/bin/uname -p = i386
/bin/uname -X     = unknown

/bin/arch              = unknown
/usr/bin/arch -k       = unknown
/usr/convex/getsysinfo = unknown
/usr/bin/hostinfo      = Mach kernel version:
	 Darwin Kernel Version 11.4.2: Thu Aug 23 16:25:48 PDT 2012; root:xnu-1699.32.7~1/RELEASE_X86_64
Kernel configured for up to 4 processors.
2 processors are physically available.
4 processors are logically available.
Processor type: i486 (Intel 80486)
Processors active: 0 1 2 3
Primary memory available: 8.00 gigabytes
Default processor set: 144 tasks, 806 threads, 4 processors
Load average: 1.09, Mach factor: 2.89
/bin/machine           = unknown
/usr/bin/oslevel       = unknown
/bin/universe          = unknown

PATH: /Applications/SenchaSDKTools-2.0.0-beta3
PATH: /opt/local/bin
PATH: /opt/local/sbin
PATH: /usr/bin
PATH: /bin
PATH: /usr/sbin
PATH: /sbin
PATH: /usr/local/bin
PATH: /usr/X11/bin
PATH: /usr/local/MacGPG2/bin
PATH: //Users/renard/Desktop/devel/android-sdk-mac_x86/platform-tools/
PATH: //Users/renard/Desktop/devel/android-sdk-mac_x86/tools/
PATH: /
PATH: //Users/renard/Desktop/devel/android-ndk-r8/


## ----------- ##
## Core tests. ##
## ----------- ##

configure:2584: checking build system type
configure:2598: result: x86_64-apple-darwin11.4.2
configure:2618: checking host system type
configure:2631: result: x86_64-apple-darwin11.4.2
configure:2700: checking --enable-graphics argument
configure:2709: result: yes
configure:2726: checking --enable-embedded argument
configure:2735: result: no
configure:2753: checking --enable-visibility argument
configure:2762: result: no
configure:2774: checking --enable-multiple-libraries argument
configure:2783: result: no
configure:2795: checking whether to use tessdata-prefix
configure:2804: result: yes
configure:2816: checking whether to enable debugging
configure:2825: result: no
configure:2939: checking for g++
configure:2955: found /usr/bin/g++
configure:2966: result: g++
configure:2993: checking for C++ compiler version
configure:3002: g++ --version >&5
i686-apple-darwin11-llvm-g++-4.2 (GCC) 4.2.1 (Based on Apple Inc. build 5658) (LLVM build 2335.15.00)
Copyright (C) 2007 Free Software Foundation, Inc.
This is free software; see the source for copying conditions.  There is NO
warranty; not even for MERCHANTABILITY or FITNESS FOR A PARTICULAR PURPOSE.

configure:3013: $? = 0
configure:3002: g++ -v >&5
Using built-in specs.
Target: i686-apple-darwin11
Configured with: /private/var/tmp/llvmgcc42/llvmgcc42-2335.15~25/src/configure --disable-checking --enable-werror --prefix=/Developer/usr/llvm-gcc-4.2 --mandir=/share/man --enable-languages=c,objc,c++,obj-c++ --program-prefix=llvm- --program-transform-name=/^[cg][^.-]*$/s/$/-4.2/ --with-slibdir=/usr/lib --build=i686-apple-darwin11 --enable-llvm=/private/var/tmp/llvmgcc42/llvmgcc42-2335.15~25/dst-llvmCore/Developer/usr/local --program-prefix=i686-apple-darwin11- --host=x86_64-apple-darwin11 --target=i686-apple-darwin11 --with-gxx-include-dir=/usr/include/c++/4.2.1
Thread model: posix
gcc version 4.2.1 (Based on Apple Inc. build 5658) (LLVM build 2335.15.00)
configure:3013: $? = 0
configure:3002: g++ -V >&5
llvm-g++-4.2: argument to `-V' is missing
configure:3013: $? = 1
configure:3002: g++ -qversion >&5
i686-apple-darwin11-llvm-g++-4.2: no input files
configure:3013: $? = 1
configure:3033: checking whether the C++ compiler works
configure:3055: g++   -I/opt/local/include  -L/opt/local/lib conftest.cpp  >&5
configure:3059: $? = 0
configure:3107: result: yes
configure:3110: checking for C++ compiler default output file name
configure:3112: result: a.out
configure:3118: checking for suffix of executables
configure:3125: g++ -o conftest   -I/opt/local/include  -L/opt/local/lib conftest.cpp  >&5
configure:3129: $? = 0
configure:3151: result: 
configure:3173: checking whether we are cross compiling
configure:3181: g++ -o conftest   -I/opt/local/include  -L/opt/local/lib conftest.cpp  >&5
configure:3185: $? = 0
configure:3192: ./conftest
configure:3196: $? = 0
configure:3211: result: no
configure:3216: checking for suffix of object files
configure:3238: g++ -c   -I/opt/local/include conftest.cpp >&5
configure:3242: $? = 0
configure:3263: result: o
configure:3267: checking whether we are using the GNU C++ compiler
configure:3286: g++ -c   -I/opt/local/include conftest.cpp >&5
configure:3286: $? = 0
configure:3295: result: yes
configure:3304: checking whether g++ accepts -g
configure:3324: g++ -c -g  -I/opt/local/include conftest.cpp >&5
configure:3324: $? = 0
configure:3365: result: yes
configure:3435: checking how to print strings
configure:3462: result: printf
configure:3531: checking for gcc
configure:3547: found /usr/bin/gcc
configure:3558: result: gcc
configure:3787: checking for C compiler version
configure:3796: gcc --version >&5
i686-apple-darwin11-llvm-gcc-4.2 (GCC) 4.2.1 (Based on Apple Inc. build 5658) (LLVM build 2335.15.00)
Copyright (C) 2007 Free Software Foundation, Inc.
This is free software; see the source for copying conditions.  There is NO
warranty; not even for MERCHANTABILITY or FITNESS FOR A PARTICULAR PURPOSE.

configure:3807: $? = 0
configure:3796: gcc -v >&5
Using built-in specs.
Target: i686-apple-darwin11
Configured with: /private/var/tmp/llvmgcc42/llvmgcc42-2335.15~25/src/configure --disable-checking --enable-werror --prefix=/Developer/usr/llvm-gcc-4.2 --mandir=/share/man --enable-languages=c,objc,c++,obj-c++ --program-prefix=llvm- --program-transform-name=/^[cg][^.-]*$/s/$/-4.2/ --with-slibdir=/usr/lib --build=i686-apple-darwin11 --enable-llvm=/private/var/tmp/llvmgcc42/llvmgcc42-2335.15~25/dst-llvmCore/Developer/usr/local --program-prefix=i686-apple-darwin11- --host=x86_64-apple-darwin11 --target=i686-apple-darwin11 --with-gxx-include-dir=/usr/include/c++/4.2.1
Thread model: posix
gcc version 4.2.1 (Based on Apple Inc. build 5658) (LLVM build 2335.15.00)
configure:3807: $? = 0
configure:3796: gcc -V >&5
llvm-gcc-4.2: argument to `-V' is missing
configure:3807: $? = 1
configure:3796: gcc -qversion >&5
i686-apple-darwin11-llvm-gcc-4.2: no input files
configure:3807: $? = 1
configure:3811: checking whether we are using the GNU C compiler
configure:3830: gcc -c   -I/opt/local/include conftest.c >&5
configure:3830: $? = 0
configure:3839: result: yes
configure:3848: checking whether gcc accepts -g
configure:3868: gcc -c -g  -I/opt/local/include conftest.c >&5
configure:3868: $? = 0
configure:3909: result: yes
configure:3926: checking for gcc option to accept ISO C89
configure:3990: gcc  -c -g -O2  -I/opt/local/include conftest.c >&5
configure:3990: $? = 0
configure:4003: result: none needed
configure:4023: checking for a sed that does not truncate output
configure:4087: result: /usr/bin/sed
configure:4105: checking for grep that handles long lines and -e
configure:4163: result: /usr/bin/grep
configure:4168: checking for egrep
configure:4230: result: /usr/bin/grep -E
configure:4235: checking for fgrep
configure:4297: result: /usr/bin/grep -F
configure:4332: checking for ld used by gcc
configure:4399: result: /usr/llvm-gcc-4.2/libexec/gcc/i686-apple-darwin11/4.2.1/ld
configure:4406: checking if the linker (/usr/llvm-gcc-4.2/libexec/gcc/i686-apple-darwin11/4.2.1/ld) is GNU ld
configure:4421: result: no
configure:4433: checking for BSD- or MS-compatible name lister (nm)
configure:4482: result: /usr/bin/nm
configure:4612: checking the name lister (/usr/bin/nm) interface
configure:4619: gcc -c -g -O2  -I/opt/local/include conftest.c >&5
configure:4622: /usr/bin/nm "conftest.o"
configure:4625: output
00000000000001c8 S _some_variable
configure:4632: result: BSD nm
configure:4635: checking whether ln -s works
configure:4639: result: yes
configure:4647: checking the maximum length of command line arguments
configure:4777: result: 196608
configure:4794: checking whether the shell understands some XSI constructs
configure:4804: result: yes
configure:4808: checking whether the shell understands "+="
configure:4814: result: yes
configure:4849: checking how to convert x86_64-apple-darwin11.4.2 file names to x86_64-apple-darwin11.4.2 format
configure:4889: result: func_convert_file_noop
configure:4896: checking how to convert x86_64-apple-darwin11.4.2 file names to toolchain format
configure:4916: result: func_convert_file_noop
configure:4923: checking for /usr/llvm-gcc-4.2/libexec/gcc/i686-apple-darwin11/4.2.1/ld option to reload object files
configure:4930: result: -r
configure:5004: checking for objdump
configure:5034: result: no
configure:5063: checking how to recognize dependent libraries
configure:5265: result: pass_all
configure:5350: checking for dlltool
configure:5380: result: no
configure:5410: checking how to associate runtime and link libraries
configure:5437: result: printf %s\n
configure:5498: checking for ar
configure:5514: found /usr/bin/ar
configure:5525: result: ar
configure:5562: checking for archiver @FILE support
configure:5579: gcc -c -g -O2  -I/opt/local/include conftest.c >&5
configure:5579: $? = 0
configure:5582: ar cru libconftest.a @conftest.lst >&5
ar: @conftest.lst: No such file or directory
configure:5585: $? = 1
configure:5605: result: no
configure:5663: checking for strip
configure:5679: found /usr/bin/strip
configure:5690: result: strip
configure:5762: checking for ranlib
configure:5778: found /usr/bin/ranlib
configure:5789: result: ranlib
configure:5866: checking for gawk
configure:5896: result: no
configure:5866: checking for mawk
configure:5896: result: no
configure:5866: checking for nawk
configure:5896: result: no
configure:5866: checking for awk
configure:5882: found /usr/bin/awk
configure:5893: result: awk
configure:5933: checking command to parse /usr/bin/nm output from gcc object
configure:6053: gcc -c -g -O2  -I/opt/local/include conftest.c >&5
configure:6056: $? = 0
configure:6060: /usr/bin/nm conftest.o \| sed -n -e 's/^.*[ ]\([BCDEGRST][BCDEGRST]*\)[ ][ ]*\([_A-Za-z][_A-Za-z0-9]*\)$/\1 \2 \2/p' | sed '/ __gnu_lto/d' \> conftest.nm
configure:6063: $? = 0
cannot find nm_test_var in conftest.nm
configure:6053: gcc -c -g -O2  -I/opt/local/include conftest.c >&5
configure:6056: $? = 0
configure:6060: /usr/bin/nm conftest.o \| sed -n -e 's/^.*[ ]\([BCDEGRST][BCDEGRST]*\)[ ][ ]*_\([_A-Za-z][_A-Za-z0-9]*\)$/\1 _\2 \2/p' | sed '/ __gnu_lto/d' \> conftest.nm
configure:6063: $? = 0
configure:6129: gcc -o conftest -g -O2  -I/opt/local/include  -L/opt/local/lib conftest.c conftstm.o >&5
configure:6132: $? = 0
configure:6170: result: ok
configure:6207: checking for sysroot
configure:6237: result: no
configure:6493: checking for mt
configure:6523: result: no
configure:6543: checking if : is a manifest tool
configure:6549: : '-?'
configure:6557: result: no
configure:6613: checking for dsymutil
configure:6629: found /usr/bin/dsymutil
configure:6640: result: dsymutil
configure:6705: checking for nmedit
configure:6721: found /usr/bin/nmedit
configure:6732: result: nmedit
configure:6797: checking for lipo
configure:6813: found /usr/bin/lipo
configure:6824: result: lipo
configure:6889: checking for otool
configure:6905: found /usr/bin/otool
configure:6916: result: otool
configure:6981: checking for otool64
configure:7011: result: no
configure:7056: checking for -single_module linker flag
gcc -g -O2  -L/opt/local/lib -o libconftest.dylib -dynamiclib -Wl,-single_module conftest.c
configure:7089: result: yes
configure:7092: checking for -exported_symbols_list linker flag
configure:7112: gcc -o conftest -g -O2  -I/opt/local/include  -L/opt/local/lib -Wl,-exported_symbols_list,conftest.sym conftest.c  >&5
configure:7112: $? = 0
configure:7122: result: yes
configure:7125: checking for -force_load linker flag
gcc -g -O2 -c -o conftest.o conftest.c
ar cru libconftest.a conftest.o
ranlib libconftest.a
gcc -g -O2  -L/opt/local/lib -o conftest conftest.c -Wl,-force_load,./libconftest.a
configure:7157: result: yes
configure:7199: checking how to run the C preprocessor
configure:7230: gcc -E  -I/opt/local/include conftest.c
configure:7230: $? = 0
configure:7244: gcc -E  -I/opt/local/include conftest.c
conftest.c:13:28: error: ac_nonexistent.h: No such file or directory
configure:7244: $? = 1
configure: failed program was:
| /* confdefs.h */
| #define PACKAGE_NAME "tesseract"
| #define PACKAGE_TARNAME "tesseract"
| #define PACKAGE_VERSION "3.02.02"
| #define PACKAGE_STRING "tesseract 3.02.02"
| #define PACKAGE_BUGREPORT "http://code.google.com/p/tesseract-ocr/issues/list"
| #define PACKAGE_URL ""
| #define PACKAGE_NAME "tesseract"
| #define PACKAGE_VERSION "3.02.02"
| #define PACKAGE_YEAR "2012"
| #define PACKAGE_DATE "10/23"
| /* end confdefs.h.  */
| #include <ac_nonexistent.h>
configure:7269: result: gcc -E
configure:7289: gcc -E  -I/opt/local/include conftest.c
configure:7289: $? = 0
configure:7303: gcc -E  -I/opt/local/include conftest.c
conftest.c:13:28: error: ac_nonexistent.h: No such file or directory
configure:7303: $? = 1
configure: failed program was:
| /* confdefs.h */
| #define PACKAGE_NAME "tesseract"
| #define PACKAGE_TARNAME "tesseract"
| #define PACKAGE_VERSION "3.02.02"
| #define PACKAGE_STRING "tesseract 3.02.02"
| #define PACKAGE_BUGREPORT "http://code.google.com/p/tesseract-ocr/issues/list"
| #define PACKAGE_URL ""
| #define PACKAGE_NAME "tesseract"
| #define PACKAGE_VERSION "3.02.02"
| #define PACKAGE_YEAR "2012"
| #define PACKAGE_DATE "10/23"
| /* end confdefs.h.  */
| #include <ac_nonexistent.h>
configure:7332: checking for ANSI C header files
configure:7352: gcc -c -g -O2  -I/opt/local/include conftest.c >&5
configure:7352: $? = 0
configure:7425: gcc -o conftest -g -O2  -I/opt/local/include  -L/opt/local/lib conftest.c  >&5
configure:7425: $? = 0
configure:7425: ./conftest
configure:7425: $? = 0
configure:7436: result: yes
configure:7449: checking for sys/types.h
configure:7449: gcc -c -g -O2  -I/opt/local/include conftest.c >&5
configure:7449: $? = 0
configure:7449: result: yes
configure:7449: checking for sys/stat.h
configure:7449: gcc -c -g -O2  -I/opt/local/include conftest.c >&5
configure:7449: $? = 0
configure:7449: result: yes
configure:7449: checking for stdlib.h
configure:7449: gcc -c -g -O2  -I/opt/local/include conftest.c >&5
configure:7449: $? = 0
configure:7449: result: yes
configure:7449: checking for string.h
configure:7449: gcc -c -g -O2  -I/opt/local/include conftest.c >&5
configure:7449: $? = 0
configure:7449: result: yes
configure:7449: checking for memory.h
configure:7449: gcc -c -g -O2  -I/opt/local/include conftest.c >&5
configure:7449: $? = 0
configure:7449: result: yes
configure:7449: checking for strings.h
configure:7449: gcc -c -g -O2  -I/opt/local/include conftest.c >&5
configure:7449: $? = 0
configure:7449: result: yes
configure:7449: checking for inttypes.h
configure:7449: gcc -c -g -O2  -I/opt/local/include conftest.c >&5
configure:7449: $? = 0
configure:7449: result: yes
configure:7449: checking for stdint.h
configure:7449: gcc -c -g -O2  -I/opt/local/include conftest.c >&5
configure:7449: $? = 0
configure:7449: result: yes
configure:7449: checking for unistd.h
configure:7449: gcc -c -g -O2  -I/opt/local/include conftest.c >&5
configure:7449: $? = 0
configure:7449: result: yes
configure:7463: checking for dlfcn.h
configure:7463: gcc -c -g -O2  -I/opt/local/include conftest.c >&5
configure:7463: $? = 0
configure:7463: result: yes
configure:7680: checking for objdir
configure:7695: result: .libs
configure:7962: checking if gcc supports -fno-rtti -fno-exceptions
configure:7980: gcc -c -g -O2  -I/opt/local/include -fno-rtti -fno-exceptions conftest.c >&5
cc1: warning: command line option "-fno-rtti" is valid for C++/ObjC++ but not for C
configure:7984: $? = 0
configure:7997: result: no
configure:8324: checking for gcc option to produce PIC
configure:8331: result: -fno-common -DPIC
configure:8339: checking if gcc PIC flag -fno-common -DPIC works
configure:8357: gcc -c -g -O2  -I/opt/local/include -fno-common -DPIC -DPIC conftest.c >&5
configure:8361: $? = 0
configure:8374: result: yes
configure:8403: checking if gcc static flag -static works
configure:8431: result: no
configure:8446: checking if gcc supports -c -o file.o
configure:8467: gcc -c -g -O2  -I/opt/local/include -o out/conftest2.o conftest.c >&5
configure:8471: $? = 0
configure:8493: result: yes
configure:8501: checking if gcc supports -c -o file.o
configure:8548: result: yes
configure:8581: checking whether the gcc linker (/usr/llvm-gcc-4.2/libexec/gcc/i686-apple-darwin11/4.2.1/ld) supports shared libraries
configure:9734: result: yes
configure:9974: checking dynamic linker characteristics
configure:10707: result: darwin11.4.2 dyld
configure:10814: checking how to hardcode library paths into programs
configure:10839: result: immediate
configure:11379: checking whether stripping libraries is possible
configure:11393: result: yes
configure:11419: checking if libtool supports shared libraries
configure:11421: result: yes
configure:11424: checking whether to build shared libraries
configure:11445: result: yes
configure:11448: checking whether to build static libraries
configure:11452: result: yes
configure:11475: checking how to run the C++ preprocessor
configure:11502: g++ -E  -I/opt/local/include conftest.cpp
configure:11502: $? = 0
configure:11516: g++ -E  -I/opt/local/include conftest.cpp
conftest.cpp:25:28: error: ac_nonexistent.h: No such file or directory
configure:11516: $? = 1
configure: failed program was:
| /* confdefs.h */
| #define PACKAGE_NAME "tesseract"
| #define PACKAGE_TARNAME "tesseract"
| #define PACKAGE_VERSION "3.02.02"
| #define PACKAGE_STRING "tesseract 3.02.02"
| #define PACKAGE_BUGREPORT "http://code.google.com/p/tesseract-ocr/issues/list"
| #define PACKAGE_URL ""
| #define PACKAGE_NAME "tesseract"
| #define PACKAGE_VERSION "3.02.02"
| #define PACKAGE_YEAR "2012"
| #define PACKAGE_DATE "10/23"
| #define STDC_HEADERS 1
| #define HAVE_SYS_TYPES_H 1
| #define HAVE_SYS_STAT_H 1
| #define HAVE_STDLIB_H 1
| #define HAVE_STRING_H 1
| #define HAVE_MEMORY_H 1
| #define HAVE_STRINGS_H 1
| #define HAVE_INTTYPES_H 1
| #define HAVE_STDINT_H 1
| #define HAVE_UNISTD_H 1
| #define HAVE_DLFCN_H 1
| #define LT_OBJDIR ".libs/"
| /* end confdefs.h.  */
| #include <ac_nonexistent.h>
configure:11541: result: g++ -E
configure:11561: g++ -E  -I/opt/local/include conftest.cpp
configure:11561: $? = 0
configure:11575: g++ -E  -I/opt/local/include conftest.cpp
conftest.cpp:25:28: error: ac_nonexistent.h: No such file or directory
configure:11575: $? = 1
configure: failed program was:
| /* confdefs.h */
| #define PACKAGE_NAME "tesseract"
| #define PACKAGE_TARNAME "tesseract"
| #define PACKAGE_VERSION "3.02.02"
| #define PACKAGE_STRING "tesseract 3.02.02"
| #define PACKAGE_BUGREPORT "http://code.google.com/p/tesseract-ocr/issues/list"
| #define PACKAGE_URL ""
| #define PACKAGE_NAME "tesseract"
| #define PACKAGE_VERSION "3.02.02"
| #define PACKAGE_YEAR "2012"
| #define PACKAGE_DATE "10/23"
| #define STDC_HEADERS 1
| #define HAVE_SYS_TYPES_H 1
| #define HAVE_SYS_STAT_H 1
| #define HAVE_STDLIB_H 1
| #define HAVE_STRING_H 1
| #define HAVE_MEMORY_H 1
| #define HAVE_STRINGS_H 1
| #define HAVE_INTTYPES_H 1
| #define HAVE_STDINT_H 1
| #define HAVE_UNISTD_H 1
| #define HAVE_DLFCN_H 1
| #define LT_OBJDIR ".libs/"
| /* end confdefs.h.  */
| #include <ac_nonexistent.h>
configure:11744: checking for ld used by g++
configure:11811: result: /usr/llvm-gcc-4.2/libexec/gcc/i686-apple-darwin11/4.2.1/ld
configure:11818: checking if the linker (/usr/llvm-gcc-4.2/libexec/gcc/i686-apple-darwin11/4.2.1/ld) is GNU ld
configure:11833: result: no
configure:11888: checking whether the g++ linker (/usr/llvm-gcc-4.2/libexec/gcc/i686-apple-darwin11/4.2.1/ld) supports shared libraries
configure:12893: result: yes
configure:12929: g++ -c -g -O2  -I/opt/local/include conftest.cpp >&5
configure:12932: $? = 0
configure:13452: checking for g++ option to produce PIC
configure:13459: result: -fno-common -DPIC
configure:13467: checking if g++ PIC flag -fno-common -DPIC works
configure:13485: g++ -c -g -O2  -I/opt/local/include -fno-common -DPIC -DPIC conftest.cpp >&5
configure:13489: $? = 0
configure:13502: result: yes
configure:13525: checking if g++ static flag -static works
configure:13553: result: no
configure:13565: checking if g++ supports -c -o file.o
configure:13586: g++ -c -g -O2  -I/opt/local/include -o out/conftest2.o conftest.cpp >&5
configure:13590: $? = 0
configure:13612: result: yes
configure:13617: checking if g++ supports -c -o file.o
configure:13664: result: yes
configure:13694: checking whether the g++ linker (/usr/llvm-gcc-4.2/libexec/gcc/i686-apple-darwin11/4.2.1/ld) supports shared libraries
configure:13730: result: yes
configure:13871: checking dynamic linker characteristics
configure:14538: result: darwin11.4.2 dyld
configure:14591: checking how to hardcode library paths into programs
configure:14616: result: immediate
configure:14698: checking for a BSD-compatible install
configure:14766: result: /usr/bin/install -c
configure:14777: checking whether build environment is sane
configure:14827: result: yes
configure:14968: checking for a thread-safe mkdir -p
configure:15007: result: config/install-sh -c -d
configure:15016: checking whether make sets $(MAKE)
configure:15038: result: yes
configure:15068: checking for style of include used by make
configure:15096: result: GNU
configure:15182: checking dependency style of gcc
configure:15293: result: gcc3
configure:15310: checking dependency style of g++
configure:15421: result: gcc3
configure:15440: checking whether to enable maintainer-specific portions of Makefiles
configure:15449: result: no
configure:15470: checking whether byte ordering is bigendian
configure:15485: gcc -c -g -O2  -I/opt/local/include conftest.c >&5
configure:15485: $? = 0
configure:15530: gcc -c -g -O2  -I/opt/local/include conftest.c >&5
configure:15530: $? = 0
configure:15548: gcc -c -g -O2  -I/opt/local/include conftest.c >&5
conftest.c: In function 'main':
conftest.c:34: error: 'not' undeclared (first use in this function)
conftest.c:34: error: (Each undeclared identifier is reported only once
conftest.c:34: error: for each function it appears in.)
conftest.c:34: error: expected ';' before 'big'
configure:15548: $? = 1
configure: failed program was:
| /* confdefs.h */
| #define PACKAGE_NAME "tesseract"
| #define PACKAGE_TARNAME "tesseract"
| #define PACKAGE_VERSION "3.02.02"
| #define PACKAGE_STRING "tesseract 3.02.02"
| #define PACKAGE_BUGREPORT "http://code.google.com/p/tesseract-ocr/issues/list"
| #define PACKAGE_URL ""
| #define PACKAGE_NAME "tesseract"
| #define PACKAGE_VERSION "3.02.02"
| #define PACKAGE_YEAR "2012"
| #define PACKAGE_DATE "10/23"
| #define STDC_HEADERS 1
| #define HAVE_SYS_TYPES_H 1
| #define HAVE_SYS_STAT_H 1
| #define HAVE_STDLIB_H 1
| #define HAVE_STRING_H 1
| #define HAVE_MEMORY_H 1
| #define HAVE_STRINGS_H 1
| #define HAVE_INTTYPES_H 1
| #define HAVE_STDINT_H 1
| #define HAVE_UNISTD_H 1
| #define HAVE_DLFCN_H 1
| #define LT_OBJDIR ".libs/"
| #define PACKAGE "tesseract"
| #define VERSION "3.02.02"
| /* end confdefs.h.  */
| #include <sys/types.h>
| 		#include <sys/param.h>
| 
| int
| main ()
| {
| #if BYTE_ORDER != BIG_ENDIAN
| 		 not big endian
| 		#endif
| 
|   ;
|   return 0;
| }
configure:15676: result: no
configure:15721: checking for library containing sem_init
configure:15752: g++ -o conftest -g -O2  -I/opt/local/include  -L/opt/local/lib conftest.cpp  >&5
configure:15752: $? = 0
configure:15769: result: none required
configure:15784: checking for ANSI C header files
configure:15888: result: yes
configure:15896: checking whether time.h and sys/time.h may both be included
configure:15916: g++ -c -g -O2  -I/opt/local/include conftest.cpp >&5
configure:15916: $? = 0
configure:15923: result: yes
configure:15931: checking for sys/wait.h that is POSIX.1 compatible
configure:15957: g++ -c -g -O2  -I/opt/local/include conftest.cpp >&5
configure:15957: $? = 0
configure:15964: result: yes
configure:15975: checking sys/ipc.h usability
configure:15975: g++ -c -g -O2  -I/opt/local/include conftest.cpp >&5
configure:15975: $? = 0
configure:15975: result: yes
configure:15975: checking sys/ipc.h presence
configure:15975: g++ -E  -I/opt/local/include conftest.cpp
configure:15975: $? = 0
configure:15975: result: yes
configure:15975: checking for sys/ipc.h
configure:15975: result: yes
configure:15975: checking sys/shm.h usability
configure:15975: g++ -c -g -O2  -I/opt/local/include conftest.cpp >&5
configure:15975: $? = 0
configure:15975: result: yes
configure:15975: checking sys/shm.h presence
configure:15975: g++ -E  -I/opt/local/include conftest.cpp
configure:15975: $? = 0
configure:15975: result: yes
configure:15975: checking for sys/shm.h
configure:15975: result: yes
configure:15988: checking limits.h usability
configure:15988: g++ -c -g -O2  -I/opt/local/include conftest.cpp >&5
configure:15988: $? = 0
configure:15988: result: yes
configure:15988: checking limits.h presence
configure:15988: g++ -E  -I/opt/local/include conftest.cpp
configure:15988: $? = 0
configure:15988: result: yes
configure:15988: checking for limits.h
configure:15988: result: yes
configure:15988: checking malloc.h usability
configure:15988: g++ -c -g -O2  -I/opt/local/include conftest.cpp >&5
conftest.cpp:66:20: error: malloc.h: No such file or directory
configure:15988: $? = 1
configure: failed program was:
| /* confdefs.h */
| #define PACKAGE_NAME "tesseract"
| #define PACKAGE_TARNAME "tesseract"
| #define PACKAGE_VERSION "3.02.02"
| #define PACKAGE_STRING "tesseract 3.02.02"
| #define PACKAGE_BUGREPORT "http://code.google.com/p/tesseract-ocr/issues/list"
| #define PACKAGE_URL ""
| #define PACKAGE_NAME "tesseract"
| #define PACKAGE_VERSION "3.02.02"
| #define PACKAGE_YEAR "2012"
| #define PACKAGE_DATE "10/23"
| #define STDC_HEADERS 1
| #define HAVE_SYS_TYPES_H 1
| #define HAVE_SYS_STAT_H 1
| #define HAVE_STDLIB_H 1
| #define HAVE_STRING_H 1
| #define HAVE_MEMORY_H 1
| #define HAVE_STRINGS_H 1
| #define HAVE_INTTYPES_H 1
| #define HAVE_STDINT_H 1
| #define HAVE_UNISTD_H 1
| #define HAVE_DLFCN_H 1
| #define LT_OBJDIR ".libs/"
| #define PACKAGE "tesseract"
| #define VERSION "3.02.02"
| #define STDC_HEADERS 1
| #define TIME_WITH_SYS_TIME 1
| #define HAVE_SYS_WAIT_H 1
| #define HAVE_SYS_IPC_H 1
| #define HAVE_SYS_SHM_H 1
| #define HAVE_LIMITS_H 1
| /* end confdefs.h.  */
| #include <stdio.h>
| #ifdef HAVE_SYS_TYPES_H
| # include <sys/types.h>
| #endif
| #ifdef HAVE_SYS_STAT_H
| # include <sys/stat.h>
| #endif
| #ifdef STDC_HEADERS
| # include <stdlib.h>
| # include <stddef.h>
| #else
| # ifdef HAVE_STDLIB_H
| #  include <stdlib.h>
| # endif
| #endif
| #ifdef HAVE_STRING_H
| # if !defined STDC_HEADERS && defined HAVE_MEMORY_H
| #  include <memory.h>
| # endif
| # include <string.h>
| #endif
| #ifdef HAVE_STRINGS_H
| # include <strings.h>
| #endif
| #ifdef HAVE_INTTYPES_H
| # include <inttypes.h>
| #endif
| #ifdef HAVE_STDINT_H
| # include <stdint.h>
| #endif
| #ifdef HAVE_UNISTD_H
| # include <unistd.h>
| #endif
| #include <malloc.h>
configure:15988: result: no
configure:15988: checking malloc.h presence
configure:15988: g++ -E  -I/opt/local/include conftest.cpp
conftest.cpp:33:20: error: malloc.h: No such file or directory
configure:15988: $? = 1
configure: failed program was:
| /* confdefs.h */
| #define PACKAGE_NAME "tesseract"
| #define PACKAGE_TARNAME "tesseract"
| #define PACKAGE_VERSION "3.02.02"
| #define PACKAGE_STRING "tesseract 3.02.02"
| #define PACKAGE_BUGREPORT "http://code.google.com/p/tesseract-ocr/issues/list"
| #define PACKAGE_URL ""
| #define PACKAGE_NAME "tesseract"
| #define PACKAGE_VERSION "3.02.02"
| #define PACKAGE_YEAR "2012"
| #define PACKAGE_DATE "10/23"
| #define STDC_HEADERS 1
| #define HAVE_SYS_TYPES_H 1
| #define HAVE_SYS_STAT_H 1
| #define HAVE_STDLIB_H 1
| #define HAVE_STRING_H 1
| #define HAVE_MEMORY_H 1
| #define HAVE_STRINGS_H 1
| #define HAVE_INTTYPES_H 1
| #define HAVE_STDINT_H 1
| #define HAVE_UNISTD_H 1
| #define HAVE_DLFCN_H 1
| #define LT_OBJDIR ".libs/"
| #define PACKAGE "tesseract"
| #define VERSION "3.02.02"
| #define STDC_HEADERS 1
| #define TIME_WITH_SYS_TIME 1
| #define HAVE_SYS_WAIT_H 1
| #define HAVE_SYS_IPC_H 1
| #define HAVE_SYS_SHM_H 1
| #define HAVE_LIMITS_H 1
| /* end confdefs.h.  */
| #include <malloc.h>
configure:15988: result: no
configure:15988: checking for malloc.h
configure:15988: result: no
configure:15999: checking for stdbool.h that conforms to C99
configure:16066: g++ -c -g -O2  -I/opt/local/include conftest.cpp >&5
configure:16066: $? = 0
configure:16073: result: yes
configure:16075: checking for _Bool
configure:16075: g++ -c -g -O2  -I/opt/local/include conftest.cpp >&5
conftest.cpp: In function 'int main()':
conftest.cpp:69: error: '_Bool' was not declared in this scope
configure:16075: $? = 1
configure: failed program was:
| /* confdefs.h */
| #define PACKAGE_NAME "tesseract"
| #define PACKAGE_TARNAME "tesseract"
| #define PACKAGE_VERSION "3.02.02"
| #define PACKAGE_STRING "tesseract 3.02.02"
| #define PACKAGE_BUGREPORT "http://code.google.com/p/tesseract-ocr/issues/list"
| #define PACKAGE_URL ""
| #define PACKAGE_NAME "tesseract"
| #define PACKAGE_VERSION "3.02.02"
| #define PACKAGE_YEAR "2012"
| #define PACKAGE_DATE "10/23"
| #define STDC_HEADERS 1
| #define HAVE_SYS_TYPES_H 1
| #define HAVE_SYS_STAT_H 1
| #define HAVE_STDLIB_H 1
| #define HAVE_STRING_H 1
| #define HAVE_MEMORY_H 1
| #define HAVE_STRINGS_H 1
| #define HAVE_INTTYPES_H 1
| #define HAVE_STDINT_H 1
| #define HAVE_UNISTD_H 1
| #define HAVE_DLFCN_H 1
| #define LT_OBJDIR ".libs/"
| #define PACKAGE "tesseract"
| #define VERSION "3.02.02"
| #define STDC_HEADERS 1
| #define TIME_WITH_SYS_TIME 1
| #define HAVE_SYS_WAIT_H 1
| #define HAVE_SYS_IPC_H 1
| #define HAVE_SYS_SHM_H 1
| #define HAVE_LIMITS_H 1
| /* end confdefs.h.  */
| #include <stdio.h>
| #ifdef HAVE_SYS_TYPES_H
| # include <sys/types.h>
| #endif
| #ifdef HAVE_SYS_STAT_H
| # include <sys/stat.h>
| #endif
| #ifdef STDC_HEADERS
| # include <stdlib.h>
| # include <stddef.h>
| #else
| # ifdef HAVE_STDLIB_H
| #  include <stdlib.h>
| # endif
| #endif
| #ifdef HAVE_STRING_H
| # if !defined STDC_HEADERS && defined HAVE_MEMORY_H
| #  include <memory.h>
| # endif
| # include <string.h>
| #endif
| #ifdef HAVE_STRINGS_H
| # include <strings.h>
| #endif
| #ifdef HAVE_INTTYPES_H
| # include <inttypes.h>
| #endif
| #ifdef HAVE_STDINT_H
| # include <stdint.h>
| #endif
| #ifdef HAVE_UNISTD_H
| # include <unistd.h>
| #endif
| int
| main ()
| {
| if (sizeof (_Bool))
| 	 return 0;
|   ;
|   return 0;
| }
configure:16075: result: no
configure:16093: checking whether #! works in shell scripts
configure:16110: result: yes
configure:16121: checking for special C compiler options needed for large files
configure:16166: result: no
configure:16172: checking for _FILE_OFFSET_BITS value needed for large files
configure:16197: g++ -c -g -O2  -I/opt/local/include conftest.cpp >&5
configure:16197: $? = 0
configure:16229: result: no
configure:16318: checking for wchar_t
configure:16318: g++ -c -g -O2  -I/opt/local/include conftest.cpp >&5
configure:16318: $? = 0
configure:16318: g++ -c -g -O2  -I/opt/local/include conftest.cpp >&5
conftest.cpp: In function 'int main()':
conftest.cpp:70: error: expected primary-expression before 'wchar_t'
conftest.cpp:70: error: expected `)' before 'wchar_t'
conftest.cpp:71: error: expected `)' before ';' token
conftest.cpp:71: error: expected `)' before ';' token
configure:16318: $? = 1
configure: failed program was:
| /* confdefs.h */
| #define PACKAGE_NAME "tesseract"
| #define PACKAGE_TARNAME "tesseract"
| #define PACKAGE_VERSION "3.02.02"
| #define PACKAGE_STRING "tesseract 3.02.02"
| #define PACKAGE_BUGREPORT "http://code.google.com/p/tesseract-ocr/issues/list"
| #define PACKAGE_URL ""
| #define PACKAGE_NAME "tesseract"
| #define PACKAGE_VERSION "3.02.02"
| #define PACKAGE_YEAR "2012"
| #define PACKAGE_DATE "10/23"
| #define STDC_HEADERS 1
| #define HAVE_SYS_TYPES_H 1
| #define HAVE_SYS_STAT_H 1
| #define HAVE_STDLIB_H 1
| #define HAVE_STRING_H 1
| #define HAVE_MEMORY_H 1
| #define HAVE_STRINGS_H 1
| #define HAVE_INTTYPES_H 1
| #define HAVE_STDINT_H 1
| #define HAVE_UNISTD_H 1
| #define HAVE_DLFCN_H 1
| #define LT_OBJDIR ".libs/"
| #define PACKAGE "tesseract"
| #define VERSION "3.02.02"
| #define STDC_HEADERS 1
| #define TIME_WITH_SYS_TIME 1
| #define HAVE_SYS_WAIT_H 1
| #define HAVE_SYS_IPC_H 1
| #define HAVE_SYS_SHM_H 1
| #define HAVE_LIMITS_H 1
| #define HAVE_STDBOOL_H 1
| /* end confdefs.h.  */
| #include <stdio.h>
| #ifdef HAVE_SYS_TYPES_H
| # include <sys/types.h>
| #endif
| #ifdef HAVE_SYS_STAT_H
| # include <sys/stat.h>
| #endif
| #ifdef STDC_HEADERS
| # include <stdlib.h>
| # include <stddef.h>
| #else
| # ifdef HAVE_STDLIB_H
| #  include <stdlib.h>
| # endif
| #endif
| #ifdef HAVE_STRING_H
| # if !defined STDC_HEADERS && defined HAVE_MEMORY_H
| #  include <memory.h>
| # endif
| # include <string.h>
| #endif
| #ifdef HAVE_STRINGS_H
| # include <strings.h>
| #endif
| #ifdef HAVE_INTTYPES_H
| # include <inttypes.h>
| #endif
| #ifdef HAVE_STDINT_H
| # include <stdint.h>
| #endif
| #ifdef HAVE_UNISTD_H
| # include <unistd.h>
| #endif
| int
| main ()
| {
| if (sizeof ((wchar_t)))
| 	    return 0;
|   ;
|   return 0;
| }
configure:16318: result: yes
configure:16328: checking for mbstate_t
configure:16328: g++ -c -g -O2  -I/opt/local/include conftest.cpp >&5
configure:16328: $? = 0
configure:16328: g++ -c -g -O2  -I/opt/local/include conftest.cpp >&5
conftest.cpp: In function 'int main()':
conftest.cpp:40: error: expected primary-expression before ')' token
configure:16328: $? = 1
configure: failed program was:
| /* confdefs.h */
| #define PACKAGE_NAME "tesseract"
| #define PACKAGE_TARNAME "tesseract"
| #define PACKAGE_VERSION "3.02.02"
| #define PACKAGE_STRING "tesseract 3.02.02"
| #define PACKAGE_BUGREPORT "http://code.google.com/p/tesseract-ocr/issues/list"
| #define PACKAGE_URL ""
| #define PACKAGE_NAME "tesseract"
| #define PACKAGE_VERSION "3.02.02"
| #define PACKAGE_YEAR "2012"
| #define PACKAGE_DATE "10/23"
| #define STDC_HEADERS 1
| #define HAVE_SYS_TYPES_H 1
| #define HAVE_SYS_STAT_H 1
| #define HAVE_STDLIB_H 1
| #define HAVE_STRING_H 1
| #define HAVE_MEMORY_H 1
| #define HAVE_STRINGS_H 1
| #define HAVE_INTTYPES_H 1
| #define HAVE_STDINT_H 1
| #define HAVE_UNISTD_H 1
| #define HAVE_DLFCN_H 1
| #define LT_OBJDIR ".libs/"
| #define PACKAGE "tesseract"
| #define VERSION "3.02.02"
| #define STDC_HEADERS 1
| #define TIME_WITH_SYS_TIME 1
| #define HAVE_SYS_WAIT_H 1
| #define HAVE_SYS_IPC_H 1
| #define HAVE_SYS_SHM_H 1
| #define HAVE_LIMITS_H 1
| #define HAVE_STDBOOL_H 1
| #define HAVE_WCHAR_T 1
| /* end confdefs.h.  */
| #include "wchar.h"
| 
| int
| main ()
| {
| if (sizeof ((mbstate_t)))
| 	    return 0;
|   ;
|   return 0;
| }
configure:16328: result: yes
configure:16345: checking for leptonica
configure:16364: result: yes
configure:16366: checking for pixCreate in -llept
configure:16391: g++ -o conftest -g -O2  -I/opt/local/include -I/usr/local/include/leptonica  -L/opt/local/lib conftest.cpp -llept   >&5
configure:16391: $? = 0
configure:16400: result: yes
configure:16654: creating ./config.status

## ---------------------- ##
## Running config.status. ##
## ---------------------- ##

This file was extended by tesseract config.status 3.02.02, which was
generated by GNU Autoconf 2.68.  Invocation command line was

  CONFIG_FILES    = 
  CONFIG_HEADERS  = 
  CONFIG_LINKS    = 
  CONFIG_COMMANDS = 
  $ ./config.status 

on noname

config.status:1214: creating Makefile
config.status:1214: creating tesseract.pc
config.status:1214: creating api/Makefile
config.status:1214: creating ccmain/Makefile
config.status:1214: creating ccstruct/Makefile
config.status:1214: creating ccutil/Makefile
config.status:1214: creating classify/Makefile
config.status:1214: creating cube/Makefile
config.status:1214: creating cutil/Makefile
config.status:1214: creating dict/Makefile
config.status:1214: creating image/Makefile
config.status:1214: creating neural_networks/runtime/Makefile
config.status:1214: creating textord/Makefile
config.status:1214: creating viewer/Makefile
config.status:1214: creating wordrec/Makefile
config.status:1214: creating training/Makefile
config.status:1214: creating tessdata/Makefile
config.status:1214: creating tessdata/configs/Makefile
config.status:1214: creating tessdata/tessconfigs/Makefile
config.status:1214: creating testing/Makefile
config.status:1214: creating java/Makefile
config.status:1214: creating java/com/Makefile
config.status:1214: creating java/com/google/Makefile
config.status:1214: creating java/com/google/scrollview/Makefile
config.status:1214: creating java/com/google/scrollview/events/Makefile
config.status:1214: creating java/com/google/scrollview/ui/Makefile
config.status:1214: creating doc/Makefile
config.status:1214: creating config_auto.h
config.status:1443: executing libtool commands
config.status:1443: executing depfiles commands

## ---------------- ##
## Cache variables. ##
## ---------------- ##

ac_cv_build=x86_64-apple-darwin11.4.2
ac_cv_c_bigendian=no
ac_cv_c_compiler_gnu=yes
ac_cv_cxx_compiler_gnu=yes
ac_cv_env_CCC_set=
ac_cv_env_CCC_value=
ac_cv_env_CC_set=
ac_cv_env_CC_value=
ac_cv_env_CFLAGS_set=
ac_cv_env_CFLAGS_value=
ac_cv_env_CPPFLAGS_set=
ac_cv_env_CPPFLAGS_value=
ac_cv_env_CPP_set=
ac_cv_env_CPP_value=
ac_cv_env_CXXCPP_set=
ac_cv_env_CXXCPP_value=
ac_cv_env_CXXFLAGS_set=
ac_cv_env_CXXFLAGS_value=
ac_cv_env_CXX_set=
ac_cv_env_CXX_value=
ac_cv_env_LDFLAGS_set=
ac_cv_env_LDFLAGS_value=
ac_cv_env_LIBLEPT_HEADERSDIR_set=
ac_cv_env_LIBLEPT_HEADERSDIR_value=
ac_cv_env_LIBS_set=
ac_cv_env_LIBS_value=
ac_cv_env_build_alias_set=
ac_cv_env_build_alias_value=
ac_cv_env_host_alias_set=
ac_cv_env_host_alias_value=
ac_cv_env_target_alias_set=
ac_cv_env_target_alias_value=
ac_cv_header_dlfcn_h=yes
ac_cv_header_inttypes_h=yes
ac_cv_header_limits_h=yes
ac_cv_header_malloc_h=no
ac_cv_header_memory_h=yes
ac_cv_header_stdbool_h=yes
ac_cv_header_stdc=yes
ac_cv_header_stdint_h=yes
ac_cv_header_stdlib_h=yes
ac_cv_header_string_h=yes
ac_cv_header_strings_h=yes
ac_cv_header_sys_ipc_h=yes
ac_cv_header_sys_shm_h=yes
ac_cv_header_sys_stat_h=yes
ac_cv_header_sys_types_h=yes
ac_cv_header_sys_wait_h=yes
ac_cv_header_time=yes
ac_cv_header_unistd_h=yes
ac_cv_host=x86_64-apple-darwin11.4.2
ac_cv_lib_lept_pixCreate=yes
ac_cv_objext=o
ac_cv_path_EGREP='/usr/bin/grep -E'
ac_cv_path_FGREP='/usr/bin/grep -F'
ac_cv_path_GREP=/usr/bin/grep
ac_cv_path_SED=/usr/bin/sed
ac_cv_path_install='/usr/bin/install -c'
ac_cv_prog_AWK=awk
ac_cv_prog_CPP='gcc -E'
ac_cv_prog_CXXCPP='g++ -E'
ac_cv_prog_ac_ct_AR=ar
ac_cv_prog_ac_ct_CC=gcc
ac_cv_prog_ac_ct_CXX=g++
ac_cv_prog_ac_ct_DSYMUTIL=dsymutil
ac_cv_prog_ac_ct_LIPO=lipo
ac_cv_prog_ac_ct_NMEDIT=nmedit
ac_cv_prog_ac_ct_OTOOL=otool
ac_cv_prog_ac_ct_RANLIB=ranlib
ac_cv_prog_ac_ct_STRIP=strip
ac_cv_prog_cc_c89=
ac_cv_prog_cc_g=yes
ac_cv_prog_cxx_g=yes
ac_cv_prog_make_make_set=yes
ac_cv_search_sem_init='none required'
ac_cv_sys_file_offset_bits=no
ac_cv_sys_interpreter=yes
ac_cv_sys_largefile_CC=no
ac_cv_type__Bool=no
ac_cv_type_mbstate_t=yes
ac_cv_type_wchar_t=yes
am_cv_CC_dependencies_compiler_type=gcc3
am_cv_CXX_dependencies_compiler_type=gcc3
lt_cv_apple_cc_single_mod=yes
lt_cv_ar_at_file=no
lt_cv_deplibs_check_method=pass_all
lt_cv_file_magic_cmd='$MAGIC_CMD'
lt_cv_file_magic_test_file=
lt_cv_ld_exported_symbols_list=yes
lt_cv_ld_force_load=yes
lt_cv_ld_reload_flag=-r
lt_cv_nm_interface='BSD nm'
lt_cv_objdir=.libs
lt_cv_path_LD=/usr/llvm-gcc-4.2/libexec/gcc/i686-apple-darwin11/4.2.1/ld
lt_cv_path_LDCXX=/usr/llvm-gcc-4.2/libexec/gcc/i686-apple-darwin11/4.2.1/ld
lt_cv_path_NM=/usr/bin/nm
lt_cv_path_mainfest_tool=no
lt_cv_prog_compiler_c_o=yes
lt_cv_prog_compiler_c_o_CXX=yes
lt_cv_prog_compiler_pic='-fno-common -DPIC'
lt_cv_prog_compiler_pic_CXX='-fno-common -DPIC'
lt_cv_prog_compiler_pic_works=yes
lt_cv_prog_compiler_pic_works_CXX=yes
lt_cv_prog_compiler_rtti_exceptions=no
lt_cv_prog_compiler_static_works=no
lt_cv_prog_compiler_static_works_CXX=no
lt_cv_prog_gnu_ld=no
lt_cv_prog_gnu_ldcxx=no
lt_cv_sharedlib_from_linklib_cmd='printf %s\n'
lt_cv_sys_global_symbol_pipe='sed -n -e '\''s/^.*[	 ]\([BCDEGRST][BCDEGRST]*\)[	 ][	 ]*_\([_A-Za-z][_A-Za-z0-9]*\)$/\1 _\2 \2/p'\'' | sed '\''/ __gnu_lto/d'\'''
lt_cv_sys_global_symbol_to_c_name_address='sed -n -e '\''s/^: \([^ ]*\)[ ]*$/  {\"\1\", (void *) 0},/p'\'' -e '\''s/^[BCDEGRST]* \([^ ]*\) \([^ ]*\)$/  {"\2", (void *) \&\2},/p'\'''
lt_cv_sys_global_symbol_to_c_name_address_lib_prefix='sed -n -e '\''s/^: \([^ ]*\)[ ]*$/  {\"\1\", (void *) 0},/p'\'' -e '\''s/^[BCDEGRST]* \([^ ]*\) \(lib[^ ]*\)$/  {"\2", (void *) \&\2},/p'\'' -e '\''s/^[BCDEGRST]* \([^ ]*\) \([^ ]*\)$/  {"lib\2", (void *) \&\2},/p'\'''
lt_cv_sys_global_symbol_to_cdecl='sed -n -e '\''s/^T .* \(.*\)$/extern int \1();/p'\'' -e '\''s/^[BCDEGRST]* .* \(.*\)$/extern char \1;/p'\'''
lt_cv_sys_max_cmd_len=196608
lt_cv_to_host_file_cmd=func_convert_file_noop
lt_cv_to_tool_file_cmd=func_convert_file_noop

## ----------------- ##
## Output variables. ##
## ----------------- ##

ACLOCAL='${SHELL} /Users/renard/Desktop/devel/textfairy/tesseract-ocr-read-only/config/missing --run aclocal-1.11'
AMDEPBACKSLASH='\'
AMDEP_FALSE='#'
AMDEP_TRUE=''
AMTAR='$${TAR-tar}'
AM_CPPFLAGS=' -O3 -DNDEBUG'
AM_LDFLAGS=''
AR='ar'
AUTOCONF='${SHELL} /Users/renard/Desktop/devel/textfairy/tesseract-ocr-read-only/config/missing --run autoconf'
AUTOHEADER='${SHELL} /Users/renard/Desktop/devel/textfairy/tesseract-ocr-read-only/config/missing --run autoheader'
AUTOMAKE='${SHELL} /Users/renard/Desktop/devel/textfairy/tesseract-ocr-read-only/config/missing --run automake-1.11'
AWK='awk'
CC='gcc'
CCDEPMODE='depmode=gcc3'
CFLAGS='-g -O2'
CPP='gcc -E'
CPPFLAGS=' -I/opt/local/include -I/usr/local/include/leptonica'
CXX='g++'
CXXCPP='g++ -E'
CXXDEPMODE='depmode=gcc3'
CXXFLAGS='-g -O2'
CYGPATH_W='echo'
DEFS='-DHAVE_CONFIG_H'
DEPDIR='.deps'
DLLTOOL='false'
DSYMUTIL='dsymutil'
DUMPBIN=''
ECHO_C='\c'
ECHO_N=''
ECHO_T=''
EGREP='/usr/bin/grep -E'
EMBEDDED_FALSE=''
EMBEDDED_TRUE='#'
EXEEXT=''
FGREP='/usr/bin/grep -F'
GENERIC_API_VERSION='3.2'
GENERIC_LIBRARY_NAME='tesseract'
GENERIC_LIBRARY_VERSION='3:2'
GENERIC_MAJOR_VERSION='3'
GENERIC_RELEASE='3.2'
GENERIC_VERSION='3.2.2'
GRAPHICS_DISABLED_FALSE=''
GRAPHICS_DISABLED_TRUE='#'
GREP='/usr/bin/grep'
INSTALL_DATA='${INSTALL} -m 644'
INSTALL_PROGRAM='${INSTALL}'
INSTALL_SCRIPT='${INSTALL}'
INSTALL_STRIP_PROGRAM='$(install_sh) -c -s'
LD='/usr/llvm-gcc-4.2/libexec/gcc/i686-apple-darwin11/4.2.1/ld'
LDFLAGS=' -L/opt/local/lib'
LIBLEPT_HEADERSDIR='/usr/local/include /usr/include'
LIBOBJS=''
LIBS='-llept '
LIBTOOL='$(SHELL) $(top_builddir)/libtool'
LIPO='lipo'
LN_S='ln -s'
LTLIBOBJS=''
MAINT='#'
MAINTAINER_MODE_FALSE=''
MAINTAINER_MODE_TRUE='#'
MAKEINFO='${SHELL} /Users/renard/Desktop/devel/textfairy/tesseract-ocr-read-only/config/missing --run makeinfo'
MANIFEST_TOOL=':'
MINGW_FALSE=''
MINGW_TRUE='#'
MKDIR_P='config/install-sh -c -d'
NM='/usr/bin/nm'
NMEDIT='nmedit'
NO_TESSDATA_PREFIX_FALSE=''
NO_TESSDATA_PREFIX_TRUE='#'
OBJDUMP='false'
OBJEXT='o'
OTOOL64=':'
OTOOL='otool'
PACKAGE='tesseract'
PACKAGE_BUGREPORT='http://code.google.com/p/tesseract-ocr/issues/list'
PACKAGE_DATE='10/23'
PACKAGE_NAME='tesseract'
PACKAGE_STRING='tesseract 3.02.02'
PACKAGE_TARNAME='tesseract'
PACKAGE_URL=''
PACKAGE_VERSION='3.02.02'
PACKAGE_YEAR='2012'
PATH_SEPARATOR=':'
RANLIB='ranlib'
SED='/usr/bin/sed'
SET_MAKE=''
SHELL='/bin/sh'
STRIP='strip'
USING_MULTIPLELIBS_FALSE=''
USING_MULTIPLELIBS_TRUE='#'
VERSION='3.02.02'
VISIBILITY_FALSE=''
VISIBILITY_TRUE='#'
ac_ct_AR='ar'
ac_ct_CC='gcc'
ac_ct_CXX='g++'
ac_ct_DUMPBIN=''
am__EXEEXT_FALSE=''
am__EXEEXT_TRUE='#'
am__fastdepCC_FALSE='#'
am__fastdepCC_TRUE=''
am__fastdepCXX_FALSE='#'
am__fastdepCXX_TRUE=''
am__include='include'
am__isrc=''
am__leading_dot='.'
am__nodep='_no'
am__quote=''
am__tar='$${TAR-tar} chof - "$$tardir"'
am__untar='$${TAR-tar} xf -'
bindir='${exec_prefix}/bin'
build='x86_64-apple-darwin11.4.2'
build_alias=''
build_cpu='x86_64'
build_os='darwin11.4.2'
build_vendor='apple'
datadir='${datarootdir}'
datarootdir='${prefix}/share'
docdir='${datarootdir}/doc/${PACKAGE_TARNAME}'
dvidir='${docdir}'
exec_prefix='${prefix}'
host='x86_64-apple-darwin11.4.2'
host_alias=''
host_cpu='x86_64'
host_os='darwin11.4.2'
host_vendor='apple'
htmldir='${docdir}'
includedir='${prefix}/include/tesseract'
infodir='${datarootdir}/info'
install_sh='${SHELL} /Users/renard/Desktop/devel/textfairy/tesseract-ocr-read-only/config/install-sh'
libdir='${exec_prefix}/lib'
libexecdir='${exec_prefix}/libexec'
localedir='${datarootdir}/locale'
localstatedir='${prefix}/var'
mandir='${datarootdir}/man'
mkdir_p='$(top_builddir)/config/install-sh -c -d'
oldincludedir='/usr/include'
pdfdir='${docdir}'
prefix='/usr/local'
program_transform_name='s,x,x,'
psdir='${docdir}'
sbindir='${exec_prefix}/sbin'
sharedstatedir='${prefix}/com'
sysconfdir='${prefix}/etc'
target_alias=''

## ----------- ##
## confdefs.h. ##
## ----------- ##

/* confdefs.h */
#define PACKAGE_NAME "tesseract"
#define PACKAGE_TARNAME "tesseract"
#define PACKAGE_VERSION "3.02.02"
#define PACKAGE_STRING "tesseract 3.02.02"
#define PACKAGE_BUGREPORT "http://code.google.com/p/tesseract-ocr/issues/list"
#define PACKAGE_URL ""
#define PACKAGE_NAME "tesseract"
#define PACKAGE_VERSION "3.02.02"
#define PACKAGE_YEAR "2012"
#define PACKAGE_DATE "10/23"
#define STDC_HEADERS 1
#define HAVE_SYS_TYPES_H 1
#define HAVE_SYS_STAT_H 1
#define HAVE_STDLIB_H 1
#define HAVE_STRING_H 1
#define HAVE_MEMORY_H 1
#define HAVE_STRINGS_H 1
#define HAVE_INTTYPES_H 1
#define HAVE_STDINT_H 1
#define HAVE_UNISTD_H 1
#define HAVE_DLFCN_H 1
#define LT_OBJDIR ".libs/"
#define PACKAGE "tesseract"
#define VERSION "3.02.02"
#define STDC_HEADERS 1
#define TIME_WITH_SYS_TIME 1
#define HAVE_SYS_WAIT_H 1
#define HAVE_SYS_IPC_H 1
#define HAVE_SYS_SHM_H 1
#define HAVE_LIMITS_H 1
#define HAVE_STDBOOL_H 1
#define HAVE_WCHAR_T 1
#define HAVE_MBSTATE_T 1
#define HAVE_LIBLEPT 1

configure: exit 0
